The system is: Linux - 5.4.0-67-generic - x86_64
Compiling the CXX compiler identification source file "CMakeCXXCompilerId.cpp" succeeded.
Compiler: /usr/bin/c++ 
Build flags: 
Id flags:  

The output was:
0


Compilation of the CXX compiler identification source "CMakeCXXCompilerId.cpp" produced "a.out"

The CXX compiler identification is GNU, found in "/home/munna/dune/dune-integrate/build-cmake/CMakeFiles/3.18.2/CompilerIdCXX/a.out"

Detecting CXX compiler ABI info compiled with the following output:
Change Dir: /home/munna/dune/dune-integrate/build-cmake/CMakeFiles/CMakeTmp

Run Build Command(s):/usr/bin/make cmTC_046bf/fast && /usr/bin/make  -f CMakeFiles/cmTC_046bf.dir/build.make CMakeFiles/cmTC_046bf.dir/build
make[1]: Entering directory '/home/munna/dune/dune-integrate/build-cmake/CMakeFiles/CMakeTmp'
Building CXX object CMakeFiles/cmTC_046bf.dir/CMakeCXXCompilerABI.cpp.o
/usr/bin/c++   -v -o CMakeFiles/cmTC_046bf.dir/CMakeCXXCompilerABI.cpp.o -c /home/munna/.local/lib/python3.8/site-packages/cmake/data/share/cmake-3.18/Modules/CMakeCXXCompilerABI.cpp
Using built-in specs.
COLLECT_GCC=/usr/bin/c++
OFFLOAD_TARGET_NAMES=nvptx-none:hsa
OFFLOAD_TARGET_DEFAULT=1
Target: x86_64-linux-gnu
Configured with: ../src/configure -v --with-pkgversion='Ubuntu 9.3.0-17ubuntu1~20.04' --with-bugurl=file:///usr/share/doc/gcc-9/README.Bugs --enable-languages=c,ada,c++,go,brig,d,fortran,objc,obj-c++,gm2 --prefix=/usr --with-gcc-major-version-only --program-suffix=-9 --program-prefix=x86_64-linux-gnu- --enable-shared --enable-linker-build-id --libexecdir=/usr/lib --without-included-gettext --enable-threads=posix --libdir=/usr/lib --enable-nls --enable-clocale=gnu --enable-libstdcxx-debug --enable-libstdcxx-time=yes --with-default-libstdcxx-abi=new --enable-gnu-unique-object --disable-vtable-verify --enable-plugin --enable-default-pie --with-system-zlib --with-target-system-zlib=auto --enable-objc-gc=auto --enable-multiarch --disable-werror --with-arch-32=i686 --with-abi=m64 --with-multilib-list=m32,m64,mx32 --enable-multilib --with-tune=generic --enable-offload-targets=nvptx-none=/build/gcc-9-HskZEa/gcc-9-9.3.0/debian/tmp-nvptx/usr,hsa --without-cuda-driver --enable-checking=release --build=x86_64-linux-gnu --host=x86_64-linux-gnu --target=x86_64-linux-gnu
Thread model: posix
gcc version 9.3.0 (Ubuntu 9.3.0-17ubuntu1~20.04) 
COLLECT_GCC_OPTIONS='-v' '-o' 'CMakeFiles/cmTC_046bf.dir/CMakeCXXCompilerABI.cpp.o' '-c' '-shared-libgcc' '-mtune=generic' '-march=x86-64'
 /usr/lib/gcc/x86_64-linux-gnu/9/cc1plus -quiet -v -imultiarch x86_64-linux-gnu -D_GNU_SOURCE /home/munna/.local/lib/python3.8/site-packages/cmake/data/share/cmake-3.18/Modules/CMakeCXXCompilerABI.cpp -quiet -dumpbase CMakeCXXCompilerABI.cpp -mtune=generic -march=x86-64 -auxbase-strip CMakeFiles/cmTC_046bf.dir/CMakeCXXCompilerABI.cpp.o -version -fasynchronous-unwind-tables -fstack-protector-strong -Wformat -Wformat-security -fstack-clash-protection -fcf-protection -o /tmp/ccGo9doq.s
GNU C++14 (Ubuntu 9.3.0-17ubuntu1~20.04) version 9.3.0 (x86_64-linux-gnu)
	compiled by GNU C version 9.3.0, GMP version 6.2.0, MPFR version 4.0.2, MPC version 1.1.0, isl version isl-0.22.1-GMP

GGC heuristics: --param ggc-min-expand=100 --param ggc-min-heapsize=131072
ignoring duplicate directory "/usr/include/x86_64-linux-gnu/c++/9"
ignoring nonexistent directory "/usr/local/include/x86_64-linux-gnu"
ignoring nonexistent directory "/usr/lib/gcc/x86_64-linux-gnu/9/include-fixed"
ignoring nonexistent directory "/usr/lib/gcc/x86_64-linux-gnu/9/../../../../x86_64-linux-gnu/include"
#include "..." search starts here:
#include <...> search starts here:
 /usr/include/c++/9
 /usr/include/x86_64-linux-gnu/c++/9
 /usr/include/c++/9/backward
 /usr/lib/gcc/x86_64-linux-gnu/9/include
 /usr/local/include
 /usr/include/x86_64-linux-gnu
 /usr/include
End of search list.
GNU C++14 (Ubuntu 9.3.0-17ubuntu1~20.04) version 9.3.0 (x86_64-linux-gnu)
	compiled by GNU C version 9.3.0, GMP version 6.2.0, MPFR version 4.0.2, MPC version 1.1.0, isl version isl-0.22.1-GMP

GGC heuristics: --param ggc-min-expand=100 --param ggc-min-heapsize=131072
Compiler executable checksum: 466f818abe2f30ba03783f22bd12d815
COLLECT_GCC_OPTIONS='-v' '-o' 'CMakeFiles/cmTC_046bf.dir/CMakeCXXCompilerABI.cpp.o' '-c' '-shared-libgcc' '-mtune=generic' '-march=x86-64'
 as -v --64 -o CMakeFiles/cmTC_046bf.dir/CMakeCXXCompilerABI.cpp.o /tmp/ccGo9doq.s
GNU assembler version 2.34 (x86_64-linux-gnu) using BFD version (GNU Binutils for Ubuntu) 2.34
COMPILER_PATH=/usr/lib/gcc/x86_64-linux-gnu/9/:/usr/lib/gcc/x86_64-linux-gnu/9/:/usr/lib/gcc/x86_64-linux-gnu/:/usr/lib/gcc/x86_64-linux-gnu/9/:/usr/lib/gcc/x86_64-linux-gnu/
LIBRARY_PATH=/usr/lib/gcc/x86_64-linux-gnu/9/:/usr/lib/gcc/x86_64-linux-gnu/9/../../../x86_64-linux-gnu/:/usr/lib/gcc/x86_64-linux-gnu/9/../../../../lib/:/lib/x86_64-linux-gnu/:/lib/../lib/:/usr/lib/x86_64-linux-gnu/:/usr/lib/../lib/:/usr/lib/gcc/x86_64-linux-gnu/9/../../../:/lib/:/usr/lib/
COLLECT_GCC_OPTIONS='-v' '-o' 'CMakeFiles/cmTC_046bf.dir/CMakeCXXCompilerABI.cpp.o' '-c' '-shared-libgcc' '-mtune=generic' '-march=x86-64'
Linking CXX executable cmTC_046bf
/home/munna/.local/lib/python3.8/site-packages/cmake/data/bin/cmake -E cmake_link_script CMakeFiles/cmTC_046bf.dir/link.txt --verbose=1
/usr/bin/c++  -v CMakeFiles/cmTC_046bf.dir/CMakeCXXCompilerABI.cpp.o -o cmTC_046bf 
Using built-in specs.
COLLECT_GCC=/usr/bin/c++
COLLECT_LTO_WRAPPER=/usr/lib/gcc/x86_64-linux-gnu/9/lto-wrapper
OFFLOAD_TARGET_NAMES=nvptx-none:hsa
OFFLOAD_TARGET_DEFAULT=1
Target: x86_64-linux-gnu
Configured with: ../src/configure -v --with-pkgversion='Ubuntu 9.3.0-17ubuntu1~20.04' --with-bugurl=file:///usr/share/doc/gcc-9/README.Bugs --enable-languages=c,ada,c++,go,brig,d,fortran,objc,obj-c++,gm2 --prefix=/usr --with-gcc-major-version-only --program-suffix=-9 --program-prefix=x86_64-linux-gnu- --enable-shared --enable-linker-build-id --libexecdir=/usr/lib --without-included-gettext --enable-threads=posix --libdir=/usr/lib --enable-nls --enable-clocale=gnu --enable-libstdcxx-debug --enable-libstdcxx-time=yes --with-default-libstdcxx-abi=new --enable-gnu-unique-object --disable-vtable-verify --enable-plugin --enable-default-pie --with-system-zlib --with-target-system-zlib=auto --enable-objc-gc=auto --enable-multiarch --disable-werror --with-arch-32=i686 --with-abi=m64 --with-multilib-list=m32,m64,mx32 --enable-multilib --with-tune=generic --enable-offload-targets=nvptx-none=/build/gcc-9-HskZEa/gcc-9-9.3.0/debian/tmp-nvptx/usr,hsa --without-cuda-driver --enable-checking=release --build=x86_64-linux-gnu --host=x86_64-linux-gnu --target=x86_64-linux-gnu
Thread model: posix
gcc version 9.3.0 (Ubuntu 9.3.0-17ubuntu1~20.04) 
COMPILER_PATH=/usr/lib/gcc/x86_64-linux-gnu/9/:/usr/lib/gcc/x86_64-linux-gnu/9/:/usr/lib/gcc/x86_64-linux-gnu/:/usr/lib/gcc/x86_64-linux-gnu/9/:/usr/lib/gcc/x86_64-linux-gnu/
LIBRARY_PATH=/usr/lib/gcc/x86_64-linux-gnu/9/:/usr/lib/gcc/x86_64-linux-gnu/9/../../../x86_64-linux-gnu/:/usr/lib/gcc/x86_64-linux-gnu/9/../../../../lib/:/lib/x86_64-linux-gnu/:/lib/../lib/:/usr/lib/x86_64-linux-gnu/:/usr/lib/../lib/:/usr/lib/gcc/x86_64-linux-gnu/9/../../../:/lib/:/usr/lib/
COLLECT_GCC_OPTIONS='-v' '-o' 'cmTC_046bf' '-shared-libgcc' '-mtune=generic' '-march=x86-64'
 /usr/lib/gcc/x86_64-linux-gnu/9/collect2 -plugin /usr/lib/gcc/x86_64-linux-gnu/9/liblto_plugin.so -plugin-opt=/usr/lib/gcc/x86_64-linux-gnu/9/lto-wrapper -plugin-opt=-fresolution=/tmp/ccAYCQxS.res -plugin-opt=-pass-through=-lgcc_s -plugin-opt=-pass-through=-lgcc -plugin-opt=-pass-through=-lc -plugin-opt=-pass-through=-lgcc_s -plugin-opt=-pass-through=-lgcc --build-id --eh-frame-hdr -m elf_x86_64 --hash-style=gnu --as-needed -dynamic-linker /lib64/ld-linux-x86-64.so.2 -pie -z now -z relro -o cmTC_046bf /usr/lib/gcc/x86_64-linux-gnu/9/../../../x86_64-linux-gnu/Scrt1.o /usr/lib/gcc/x86_64-linux-gnu/9/../../../x86_64-linux-gnu/crti.o /usr/lib/gcc/x86_64-linux-gnu/9/crtbeginS.o -L/usr/lib/gcc/x86_64-linux-gnu/9 -L/usr/lib/gcc/x86_64-linux-gnu/9/../../../x86_64-linux-gnu -L/usr/lib/gcc/x86_64-linux-gnu/9/../../../../lib -L/lib/x86_64-linux-gnu -L/lib/../lib -L/usr/lib/x86_64-linux-gnu -L/usr/lib/../lib -L/usr/lib/gcc/x86_64-linux-gnu/9/../../.. CMakeFiles/cmTC_046bf.dir/CMakeCXXCompilerABI.cpp.o -lstdc++ -lm -lgcc_s -lgcc -lc -lgcc_s -lgcc /usr/lib/gcc/x86_64-linux-gnu/9/crtendS.o /usr/lib/gcc/x86_64-linux-gnu/9/../../../x86_64-linux-gnu/crtn.o
COLLECT_GCC_OPTIONS='-v' '-o' 'cmTC_046bf' '-shared-libgcc' '-mtune=generic' '-march=x86-64'
make[1]: Leaving directory '/home/munna/dune/dune-integrate/build-cmake/CMakeFiles/CMakeTmp'



Parsed CXX implicit include dir info from above output: rv=done
  found start of include info
  found start of implicit include info
    add: [/usr/include/c++/9]
    add: [/usr/include/x86_64-linux-gnu/c++/9]
    add: [/usr/include/c++/9/backward]
    add: [/usr/lib/gcc/x86_64-linux-gnu/9/include]
    add: [/usr/local/include]
    add: [/usr/include/x86_64-linux-gnu]
    add: [/usr/include]
  end of search list found
  collapse include dir [/usr/include/c++/9] ==> [/usr/include/c++/9]
  collapse include dir [/usr/include/x86_64-linux-gnu/c++/9] ==> [/usr/include/x86_64-linux-gnu/c++/9]
  collapse include dir [/usr/include/c++/9/backward] ==> [/usr/include/c++/9/backward]
  collapse include dir [/usr/lib/gcc/x86_64-linux-gnu/9/include] ==> [/usr/lib/gcc/x86_64-linux-gnu/9/include]
  collapse include dir [/usr/local/include] ==> [/usr/local/include]
  collapse include dir [/usr/include/x86_64-linux-gnu] ==> [/usr/include/x86_64-linux-gnu]
  collapse include dir [/usr/include] ==> [/usr/include]
  implicit include dirs: [/usr/include/c++/9;/usr/include/x86_64-linux-gnu/c++/9;/usr/include/c++/9/backward;/usr/lib/gcc/x86_64-linux-gnu/9/include;/usr/local/include;/usr/include/x86_64-linux-gnu;/usr/include]


Parsed CXX implicit link information from above output:
  link line regex: [^( *|.*[/\])(ld|CMAKE_LINK_STARTFILE-NOTFOUND|([^/\]+-)?ld|collect2)[^/\]*( |$)]
  ignore line: [Change Dir: /home/munna/dune/dune-integrate/build-cmake/CMakeFiles/CMakeTmp]
  ignore line: []
  ignore line: [Run Build Command(s):/usr/bin/make cmTC_046bf/fast && /usr/bin/make  -f CMakeFiles/cmTC_046bf.dir/build.make CMakeFiles/cmTC_046bf.dir/build]
  ignore line: [make[1]: Entering directory '/home/munna/dune/dune-integrate/build-cmake/CMakeFiles/CMakeTmp']
  ignore line: [Building CXX object CMakeFiles/cmTC_046bf.dir/CMakeCXXCompilerABI.cpp.o]
  ignore line: [/usr/bin/c++   -v -o CMakeFiles/cmTC_046bf.dir/CMakeCXXCompilerABI.cpp.o -c /home/munna/.local/lib/python3.8/site-packages/cmake/data/share/cmake-3.18/Modules/CMakeCXXCompilerABI.cpp]
  ignore line: [Using built-in specs.]
  ignore line: [COLLECT_GCC=/usr/bin/c++]
  ignore line: [OFFLOAD_TARGET_NAMES=nvptx-none:hsa]
  ignore line: [OFFLOAD_TARGET_DEFAULT=1]
  ignore line: [Target: x86_64-linux-gnu]
  ignore line: [Configured with: ../src/configure -v --with-pkgversion='Ubuntu 9.3.0-17ubuntu1~20.04' --with-bugurl=file:///usr/share/doc/gcc-9/README.Bugs --enable-languages=c ada c++ go brig d fortran objc obj-c++ gm2 --prefix=/usr --with-gcc-major-version-only --program-suffix=-9 --program-prefix=x86_64-linux-gnu- --enable-shared --enable-linker-build-id --libexecdir=/usr/lib --without-included-gettext --enable-threads=posix --libdir=/usr/lib --enable-nls --enable-clocale=gnu --enable-libstdcxx-debug --enable-libstdcxx-time=yes --with-default-libstdcxx-abi=new --enable-gnu-unique-object --disable-vtable-verify --enable-plugin --enable-default-pie --with-system-zlib --with-target-system-zlib=auto --enable-objc-gc=auto --enable-multiarch --disable-werror --with-arch-32=i686 --with-abi=m64 --with-multilib-list=m32 m64 mx32 --enable-multilib --with-tune=generic --enable-offload-targets=nvptx-none=/build/gcc-9-HskZEa/gcc-9-9.3.0/debian/tmp-nvptx/usr hsa --without-cuda-driver --enable-checking=release --build=x86_64-linux-gnu --host=x86_64-linux-gnu --target=x86_64-linux-gnu]
  ignore line: [Thread model: posix]
  ignore line: [gcc version 9.3.0 (Ubuntu 9.3.0-17ubuntu1~20.04) ]
  ignore line: [COLLECT_GCC_OPTIONS='-v' '-o' 'CMakeFiles/cmTC_046bf.dir/CMakeCXXCompilerABI.cpp.o' '-c' '-shared-libgcc' '-mtune=generic' '-march=x86-64']
  ignore line: [ /usr/lib/gcc/x86_64-linux-gnu/9/cc1plus -quiet -v -imultiarch x86_64-linux-gnu -D_GNU_SOURCE /home/munna/.local/lib/python3.8/site-packages/cmake/data/share/cmake-3.18/Modules/CMakeCXXCompilerABI.cpp -quiet -dumpbase CMakeCXXCompilerABI.cpp -mtune=generic -march=x86-64 -auxbase-strip CMakeFiles/cmTC_046bf.dir/CMakeCXXCompilerABI.cpp.o -version -fasynchronous-unwind-tables -fstack-protector-strong -Wformat -Wformat-security -fstack-clash-protection -fcf-protection -o /tmp/ccGo9doq.s]
  ignore line: [GNU C++14 (Ubuntu 9.3.0-17ubuntu1~20.04) version 9.3.0 (x86_64-linux-gnu)]
  ignore line: [	compiled by GNU C version 9.3.0  GMP version 6.2.0  MPFR version 4.0.2  MPC version 1.1.0  isl version isl-0.22.1-GMP]
  ignore line: []
  ignore line: [GGC heuristics: --param ggc-min-expand=100 --param ggc-min-heapsize=131072]
  ignore line: [ignoring duplicate directory "/usr/include/x86_64-linux-gnu/c++/9"]
  ignore line: [ignoring nonexistent directory "/usr/local/include/x86_64-linux-gnu"]
  ignore line: [ignoring nonexistent directory "/usr/lib/gcc/x86_64-linux-gnu/9/include-fixed"]
  ignore line: [ignoring nonexistent directory "/usr/lib/gcc/x86_64-linux-gnu/9/../../../../x86_64-linux-gnu/include"]
  ignore line: [#include "..." search starts here:]
  ignore line: [#include <...> search starts here:]
  ignore line: [ /usr/include/c++/9]
  ignore line: [ /usr/include/x86_64-linux-gnu/c++/9]
  ignore line: [ /usr/include/c++/9/backward]
  ignore line: [ /usr/lib/gcc/x86_64-linux-gnu/9/include]
  ignore line: [ /usr/local/include]
  ignore line: [ /usr/include/x86_64-linux-gnu]
  ignore line: [ /usr/include]
  ignore line: [End of search list.]
  ignore line: [GNU C++14 (Ubuntu 9.3.0-17ubuntu1~20.04) version 9.3.0 (x86_64-linux-gnu)]
  ignore line: [	compiled by GNU C version 9.3.0  GMP version 6.2.0  MPFR version 4.0.2  MPC version 1.1.0  isl version isl-0.22.1-GMP]
  ignore line: []
  ignore line: [GGC heuristics: --param ggc-min-expand=100 --param ggc-min-heapsize=131072]
  ignore line: [Compiler executable checksum: 466f818abe2f30ba03783f22bd12d815]
  ignore line: [COLLECT_GCC_OPTIONS='-v' '-o' 'CMakeFiles/cmTC_046bf.dir/CMakeCXXCompilerABI.cpp.o' '-c' '-shared-libgcc' '-mtune=generic' '-march=x86-64']
  ignore line: [ as -v --64 -o CMakeFiles/cmTC_046bf.dir/CMakeCXXCompilerABI.cpp.o /tmp/ccGo9doq.s]
  ignore line: [GNU assembler version 2.34 (x86_64-linux-gnu) using BFD version (GNU Binutils for Ubuntu) 2.34]
  ignore line: [COMPILER_PATH=/usr/lib/gcc/x86_64-linux-gnu/9/:/usr/lib/gcc/x86_64-linux-gnu/9/:/usr/lib/gcc/x86_64-linux-gnu/:/usr/lib/gcc/x86_64-linux-gnu/9/:/usr/lib/gcc/x86_64-linux-gnu/]
  ignore line: [LIBRARY_PATH=/usr/lib/gcc/x86_64-linux-gnu/9/:/usr/lib/gcc/x86_64-linux-gnu/9/../../../x86_64-linux-gnu/:/usr/lib/gcc/x86_64-linux-gnu/9/../../../../lib/:/lib/x86_64-linux-gnu/:/lib/../lib/:/usr/lib/x86_64-linux-gnu/:/usr/lib/../lib/:/usr/lib/gcc/x86_64-linux-gnu/9/../../../:/lib/:/usr/lib/]
  ignore line: [COLLECT_GCC_OPTIONS='-v' '-o' 'CMakeFiles/cmTC_046bf.dir/CMakeCXXCompilerABI.cpp.o' '-c' '-shared-libgcc' '-mtune=generic' '-march=x86-64']
  ignore line: [Linking CXX executable cmTC_046bf]
  ignore line: [/home/munna/.local/lib/python3.8/site-packages/cmake/data/bin/cmake -E cmake_link_script CMakeFiles/cmTC_046bf.dir/link.txt --verbose=1]
  ignore line: [/usr/bin/c++  -v CMakeFiles/cmTC_046bf.dir/CMakeCXXCompilerABI.cpp.o -o cmTC_046bf ]
  ignore line: [Using built-in specs.]
  ignore line: [COLLECT_GCC=/usr/bin/c++]
  ignore line: [COLLECT_LTO_WRAPPER=/usr/lib/gcc/x86_64-linux-gnu/9/lto-wrapper]
  ignore line: [OFFLOAD_TARGET_NAMES=nvptx-none:hsa]
  ignore line: [OFFLOAD_TARGET_DEFAULT=1]
  ignore line: [Target: x86_64-linux-gnu]
  ignore line: [Configured with: ../src/configure -v --with-pkgversion='Ubuntu 9.3.0-17ubuntu1~20.04' --with-bugurl=file:///usr/share/doc/gcc-9/README.Bugs --enable-languages=c ada c++ go brig d fortran objc obj-c++ gm2 --prefix=/usr --with-gcc-major-version-only --program-suffix=-9 --program-prefix=x86_64-linux-gnu- --enable-shared --enable-linker-build-id --libexecdir=/usr/lib --without-included-gettext --enable-threads=posix --libdir=/usr/lib --enable-nls --enable-clocale=gnu --enable-libstdcxx-debug --enable-libstdcxx-time=yes --with-default-libstdcxx-abi=new --enable-gnu-unique-object --disable-vtable-verify --enable-plugin --enable-default-pie --with-system-zlib --with-target-system-zlib=auto --enable-objc-gc=auto --enable-multiarch --disable-werror --with-arch-32=i686 --with-abi=m64 --with-multilib-list=m32 m64 mx32 --enable-multilib --with-tune=generic --enable-offload-targets=nvptx-none=/build/gcc-9-HskZEa/gcc-9-9.3.0/debian/tmp-nvptx/usr hsa --without-cuda-driver --enable-checking=release --build=x86_64-linux-gnu --host=x86_64-linux-gnu --target=x86_64-linux-gnu]
  ignore line: [Thread model: posix]
  ignore line: [gcc version 9.3.0 (Ubuntu 9.3.0-17ubuntu1~20.04) ]
  ignore line: [COMPILER_PATH=/usr/lib/gcc/x86_64-linux-gnu/9/:/usr/lib/gcc/x86_64-linux-gnu/9/:/usr/lib/gcc/x86_64-linux-gnu/:/usr/lib/gcc/x86_64-linux-gnu/9/:/usr/lib/gcc/x86_64-linux-gnu/]
  ignore line: [LIBRARY_PATH=/usr/lib/gcc/x86_64-linux-gnu/9/:/usr/lib/gcc/x86_64-linux-gnu/9/../../../x86_64-linux-gnu/:/usr/lib/gcc/x86_64-linux-gnu/9/../../../../lib/:/lib/x86_64-linux-gnu/:/lib/../lib/:/usr/lib/x86_64-linux-gnu/:/usr/lib/../lib/:/usr/lib/gcc/x86_64-linux-gnu/9/../../../:/lib/:/usr/lib/]
  ignore line: [COLLECT_GCC_OPTIONS='-v' '-o' 'cmTC_046bf' '-shared-libgcc' '-mtune=generic' '-march=x86-64']
  link line: [ /usr/lib/gcc/x86_64-linux-gnu/9/collect2 -plugin /usr/lib/gcc/x86_64-linux-gnu/9/liblto_plugin.so -plugin-opt=/usr/lib/gcc/x86_64-linux-gnu/9/lto-wrapper -plugin-opt=-fresolution=/tmp/ccAYCQxS.res -plugin-opt=-pass-through=-lgcc_s -plugin-opt=-pass-through=-lgcc -plugin-opt=-pass-through=-lc -plugin-opt=-pass-through=-lgcc_s -plugin-opt=-pass-through=-lgcc --build-id --eh-frame-hdr -m elf_x86_64 --hash-style=gnu --as-needed -dynamic-linker /lib64/ld-linux-x86-64.so.2 -pie -z now -z relro -o cmTC_046bf /usr/lib/gcc/x86_64-linux-gnu/9/../../../x86_64-linux-gnu/Scrt1.o /usr/lib/gcc/x86_64-linux-gnu/9/../../../x86_64-linux-gnu/crti.o /usr/lib/gcc/x86_64-linux-gnu/9/crtbeginS.o -L/usr/lib/gcc/x86_64-linux-gnu/9 -L/usr/lib/gcc/x86_64-linux-gnu/9/../../../x86_64-linux-gnu -L/usr/lib/gcc/x86_64-linux-gnu/9/../../../../lib -L/lib/x86_64-linux-gnu -L/lib/../lib -L/usr/lib/x86_64-linux-gnu -L/usr/lib/../lib -L/usr/lib/gcc/x86_64-linux-gnu/9/../../.. CMakeFiles/cmTC_046bf.dir/CMakeCXXCompilerABI.cpp.o -lstdc++ -lm -lgcc_s -lgcc -lc -lgcc_s -lgcc /usr/lib/gcc/x86_64-linux-gnu/9/crtendS.o /usr/lib/gcc/x86_64-linux-gnu/9/../../../x86_64-linux-gnu/crtn.o]
    arg [/usr/lib/gcc/x86_64-linux-gnu/9/collect2] ==> ignore
    arg [-plugin] ==> ignore
    arg [/usr/lib/gcc/x86_64-linux-gnu/9/liblto_plugin.so] ==> ignore
    arg [-plugin-opt=/usr/lib/gcc/x86_64-linux-gnu/9/lto-wrapper] ==> ignore
    arg [-plugin-opt=-fresolution=/tmp/ccAYCQxS.res] ==> ignore
    arg [-plugin-opt=-pass-through=-lgcc_s] ==> ignore
    arg [-plugin-opt=-pass-through=-lgcc] ==> ignore
    arg [-plugin-opt=-pass-through=-lc] ==> ignore
    arg [-plugin-opt=-pass-through=-lgcc_s] ==> ignore
    arg [-plugin-opt=-pass-through=-lgcc] ==> ignore
    arg [--build-id] ==> ignore
    arg [--eh-frame-hdr] ==> ignore
    arg [-m] ==> ignore
    arg [elf_x86_64] ==> ignore
    arg [--hash-style=gnu] ==> ignore
    arg [--as-needed] ==> ignore
    arg [-dynamic-linker] ==> ignore
    arg [/lib64/ld-linux-x86-64.so.2] ==> ignore
    arg [-pie] ==> ignore
    arg [-znow] ==> ignore
    arg [-zrelro] ==> ignore
    arg [-o] ==> ignore
    arg [cmTC_046bf] ==> ignore
    arg [/usr/lib/gcc/x86_64-linux-gnu/9/../../../x86_64-linux-gnu/Scrt1.o] ==> ignore
    arg [/usr/lib/gcc/x86_64-linux-gnu/9/../../../x86_64-linux-gnu/crti.o] ==> ignore
    arg [/usr/lib/gcc/x86_64-linux-gnu/9/crtbeginS.o] ==> ignore
    arg [-L/usr/lib/gcc/x86_64-linux-gnu/9] ==> dir [/usr/lib/gcc/x86_64-linux-gnu/9]
    arg [-L/usr/lib/gcc/x86_64-linux-gnu/9/../../../x86_64-linux-gnu] ==> dir [/usr/lib/gcc/x86_64-linux-gnu/9/../../../x86_64-linux-gnu]
    arg [-L/usr/lib/gcc/x86_64-linux-gnu/9/../../../../lib] ==> dir [/usr/lib/gcc/x86_64-linux-gnu/9/../../../../lib]
    arg [-L/lib/x86_64-linux-gnu] ==> dir [/lib/x86_64-linux-gnu]
    arg [-L/lib/../lib] ==> dir [/lib/../lib]
    arg [-L/usr/lib/x86_64-linux-gnu] ==> dir [/usr/lib/x86_64-linux-gnu]
    arg [-L/usr/lib/../lib] ==> dir [/usr/lib/../lib]
    arg [-L/usr/lib/gcc/x86_64-linux-gnu/9/../../..] ==> dir [/usr/lib/gcc/x86_64-linux-gnu/9/../../..]
    arg [CMakeFiles/cmTC_046bf.dir/CMakeCXXCompilerABI.cpp.o] ==> ignore
    arg [-lstdc++] ==> lib [stdc++]
    arg [-lm] ==> lib [m]
    arg [-lgcc_s] ==> lib [gcc_s]
    arg [-lgcc] ==> lib [gcc]
    arg [-lc] ==> lib [c]
    arg [-lgcc_s] ==> lib [gcc_s]
    arg [-lgcc] ==> lib [gcc]
    arg [/usr/lib/gcc/x86_64-linux-gnu/9/crtendS.o] ==> ignore
    arg [/usr/lib/gcc/x86_64-linux-gnu/9/../../../x86_64-linux-gnu/crtn.o] ==> ignore
  collapse library dir [/usr/lib/gcc/x86_64-linux-gnu/9] ==> [/usr/lib/gcc/x86_64-linux-gnu/9]
  collapse library dir [/usr/lib/gcc/x86_64-linux-gnu/9/../../../x86_64-linux-gnu] ==> [/usr/lib/x86_64-linux-gnu]
  collapse library dir [/usr/lib/gcc/x86_64-linux-gnu/9/../../../../lib] ==> [/usr/lib]
  collapse library dir [/lib/x86_64-linux-gnu] ==> [/lib/x86_64-linux-gnu]
  collapse library dir [/lib/../lib] ==> [/lib]
  collapse library dir [/usr/lib/x86_64-linux-gnu] ==> [/usr/lib/x86_64-linux-gnu]
  collapse library dir [/usr/lib/../lib] ==> [/usr/lib]
  collapse library dir [/usr/lib/gcc/x86_64-linux-gnu/9/../../..] ==> [/usr/lib]
  implicit libs: [stdc++;m;gcc_s;gcc;c;gcc_s;gcc]
  implicit dirs: [/usr/lib/gcc/x86_64-linux-gnu/9;/usr/lib/x86_64-linux-gnu;/usr/lib;/lib/x86_64-linux-gnu;/lib]
  implicit fwks: []


Compiling the C compiler identification source file "CMakeCCompilerId.c" succeeded.
Compiler: /usr/bin/cc 
Build flags: 
Id flags:  

The output was:
0


Compilation of the C compiler identification source "CMakeCCompilerId.c" produced "a.out"

The C compiler identification is GNU, found in "/home/munna/dune/dune-integrate/build-cmake/CMakeFiles/3.18.2/CompilerIdC/a.out"

Detecting C compiler ABI info compiled with the following output:
Change Dir: /home/munna/dune/dune-integrate/build-cmake/CMakeFiles/CMakeTmp

Run Build Command(s):/usr/bin/make cmTC_ede01/fast && /usr/bin/make  -f CMakeFiles/cmTC_ede01.dir/build.make CMakeFiles/cmTC_ede01.dir/build
make[1]: Entering directory '/home/munna/dune/dune-integrate/build-cmake/CMakeFiles/CMakeTmp'
Building C object CMakeFiles/cmTC_ede01.dir/CMakeCCompilerABI.c.o
/usr/bin/cc   -v -o CMakeFiles/cmTC_ede01.dir/CMakeCCompilerABI.c.o -c /home/munna/.local/lib/python3.8/site-packages/cmake/data/share/cmake-3.18/Modules/CMakeCCompilerABI.c
Using built-in specs.
COLLECT_GCC=/usr/bin/cc
OFFLOAD_TARGET_NAMES=nvptx-none:hsa
OFFLOAD_TARGET_DEFAULT=1
Target: x86_64-linux-gnu
Configured with: ../src/configure -v --with-pkgversion='Ubuntu 9.3.0-17ubuntu1~20.04' --with-bugurl=file:///usr/share/doc/gcc-9/README.Bugs --enable-languages=c,ada,c++,go,brig,d,fortran,objc,obj-c++,gm2 --prefix=/usr --with-gcc-major-version-only --program-suffix=-9 --program-prefix=x86_64-linux-gnu- --enable-shared --enable-linker-build-id --libexecdir=/usr/lib --without-included-gettext --enable-threads=posix --libdir=/usr/lib --enable-nls --enable-clocale=gnu --enable-libstdcxx-debug --enable-libstdcxx-time=yes --with-default-libstdcxx-abi=new --enable-gnu-unique-object --disable-vtable-verify --enable-plugin --enable-default-pie --with-system-zlib --with-target-system-zlib=auto --enable-objc-gc=auto --enable-multiarch --disable-werror --with-arch-32=i686 --with-abi=m64 --with-multilib-list=m32,m64,mx32 --enable-multilib --with-tune=generic --enable-offload-targets=nvptx-none=/build/gcc-9-HskZEa/gcc-9-9.3.0/debian/tmp-nvptx/usr,hsa --without-cuda-driver --enable-checking=release --build=x86_64-linux-gnu --host=x86_64-linux-gnu --target=x86_64-linux-gnu
Thread model: posix
gcc version 9.3.0 (Ubuntu 9.3.0-17ubuntu1~20.04) 
COLLECT_GCC_OPTIONS='-v' '-o' 'CMakeFiles/cmTC_ede01.dir/CMakeCCompilerABI.c.o' '-c' '-mtune=generic' '-march=x86-64'
 /usr/lib/gcc/x86_64-linux-gnu/9/cc1 -quiet -v -imultiarch x86_64-linux-gnu /home/munna/.local/lib/python3.8/site-packages/cmake/data/share/cmake-3.18/Modules/CMakeCCompilerABI.c -quiet -dumpbase CMakeCCompilerABI.c -mtune=generic -march=x86-64 -auxbase-strip CMakeFiles/cmTC_ede01.dir/CMakeCCompilerABI.c.o -version -fasynchronous-unwind-tables -fstack-protector-strong -Wformat -Wformat-security -fstack-clash-protection -fcf-protection -o /tmp/ccUYQZiT.s
GNU C17 (Ubuntu 9.3.0-17ubuntu1~20.04) version 9.3.0 (x86_64-linux-gnu)
	compiled by GNU C version 9.3.0, GMP version 6.2.0, MPFR version 4.0.2, MPC version 1.1.0, isl version isl-0.22.1-GMP

GGC heuristics: --param ggc-min-expand=100 --param ggc-min-heapsize=131072
ignoring nonexistent directory "/usr/local/include/x86_64-linux-gnu"
ignoring nonexistent directory "/usr/lib/gcc/x86_64-linux-gnu/9/include-fixed"
ignoring nonexistent directory "/usr/lib/gcc/x86_64-linux-gnu/9/../../../../x86_64-linux-gnu/include"
#include "..." search starts here:
#include <...> search starts here:
 /usr/lib/gcc/x86_64-linux-gnu/9/include
 /usr/local/include
 /usr/include/x86_64-linux-gnu
 /usr/include
End of search list.
GNU C17 (Ubuntu 9.3.0-17ubuntu1~20.04) version 9.3.0 (x86_64-linux-gnu)
	compiled by GNU C version 9.3.0, GMP version 6.2.0, MPFR version 4.0.2, MPC version 1.1.0, isl version isl-0.22.1-GMP

GGC heuristics: --param ggc-min-expand=100 --param ggc-min-heapsize=131072
Compiler executable checksum: bbf13931d8de1abe14040c9909cb6969
COLLECT_GCC_OPTIONS='-v' '-o' 'CMakeFiles/cmTC_ede01.dir/CMakeCCompilerABI.c.o' '-c' '-mtune=generic' '-march=x86-64'
 as -v --64 -o CMakeFiles/cmTC_ede01.dir/CMakeCCompilerABI.c.o /tmp/ccUYQZiT.s
GNU assembler version 2.34 (x86_64-linux-gnu) using BFD version (GNU Binutils for Ubuntu) 2.34
COMPILER_PATH=/usr/lib/gcc/x86_64-linux-gnu/9/:/usr/lib/gcc/x86_64-linux-gnu/9/:/usr/lib/gcc/x86_64-linux-gnu/:/usr/lib/gcc/x86_64-linux-gnu/9/:/usr/lib/gcc/x86_64-linux-gnu/
LIBRARY_PATH=/usr/lib/gcc/x86_64-linux-gnu/9/:/usr/lib/gcc/x86_64-linux-gnu/9/../../../x86_64-linux-gnu/:/usr/lib/gcc/x86_64-linux-gnu/9/../../../../lib/:/lib/x86_64-linux-gnu/:/lib/../lib/:/usr/lib/x86_64-linux-gnu/:/usr/lib/../lib/:/usr/lib/gcc/x86_64-linux-gnu/9/../../../:/lib/:/usr/lib/
COLLECT_GCC_OPTIONS='-v' '-o' 'CMakeFiles/cmTC_ede01.dir/CMakeCCompilerABI.c.o' '-c' '-mtune=generic' '-march=x86-64'
Linking C executable cmTC_ede01
/home/munna/.local/lib/python3.8/site-packages/cmake/data/bin/cmake -E cmake_link_script CMakeFiles/cmTC_ede01.dir/link.txt --verbose=1
/usr/bin/cc  -v CMakeFiles/cmTC_ede01.dir/CMakeCCompilerABI.c.o -o cmTC_ede01 
Using built-in specs.
COLLECT_GCC=/usr/bin/cc
COLLECT_LTO_WRAPPER=/usr/lib/gcc/x86_64-linux-gnu/9/lto-wrapper
OFFLOAD_TARGET_NAMES=nvptx-none:hsa
OFFLOAD_TARGET_DEFAULT=1
Target: x86_64-linux-gnu
Configured with: ../src/configure -v --with-pkgversion='Ubuntu 9.3.0-17ubuntu1~20.04' --with-bugurl=file:///usr/share/doc/gcc-9/README.Bugs --enable-languages=c,ada,c++,go,brig,d,fortran,objc,obj-c++,gm2 --prefix=/usr --with-gcc-major-version-only --program-suffix=-9 --program-prefix=x86_64-linux-gnu- --enable-shared --enable-linker-build-id --libexecdir=/usr/lib --without-included-gettext --enable-threads=posix --libdir=/usr/lib --enable-nls --enable-clocale=gnu --enable-libstdcxx-debug --enable-libstdcxx-time=yes --with-default-libstdcxx-abi=new --enable-gnu-unique-object --disable-vtable-verify --enable-plugin --enable-default-pie --with-system-zlib --with-target-system-zlib=auto --enable-objc-gc=auto --enable-multiarch --disable-werror --with-arch-32=i686 --with-abi=m64 --with-multilib-list=m32,m64,mx32 --enable-multilib --with-tune=generic --enable-offload-targets=nvptx-none=/build/gcc-9-HskZEa/gcc-9-9.3.0/debian/tmp-nvptx/usr,hsa --without-cuda-driver --enable-checking=release --build=x86_64-linux-gnu --host=x86_64-linux-gnu --target=x86_64-linux-gnu
Thread model: posix
gcc version 9.3.0 (Ubuntu 9.3.0-17ubuntu1~20.04) 
COMPILER_PATH=/usr/lib/gcc/x86_64-linux-gnu/9/:/usr/lib/gcc/x86_64-linux-gnu/9/:/usr/lib/gcc/x86_64-linux-gnu/:/usr/lib/gcc/x86_64-linux-gnu/9/:/usr/lib/gcc/x86_64-linux-gnu/
LIBRARY_PATH=/usr/lib/gcc/x86_64-linux-gnu/9/:/usr/lib/gcc/x86_64-linux-gnu/9/../../../x86_64-linux-gnu/:/usr/lib/gcc/x86_64-linux-gnu/9/../../../../lib/:/lib/x86_64-linux-gnu/:/lib/../lib/:/usr/lib/x86_64-linux-gnu/:/usr/lib/../lib/:/usr/lib/gcc/x86_64-linux-gnu/9/../../../:/lib/:/usr/lib/
COLLECT_GCC_OPTIONS='-v' '-o' 'cmTC_ede01' '-mtune=generic' '-march=x86-64'
 /usr/lib/gcc/x86_64-linux-gnu/9/collect2 -plugin /usr/lib/gcc/x86_64-linux-gnu/9/liblto_plugin.so -plugin-opt=/usr/lib/gcc/x86_64-linux-gnu/9/lto-wrapper -plugin-opt=-fresolution=/tmp/ccKDd72m.res -plugin-opt=-pass-through=-lgcc -plugin-opt=-pass-through=-lgcc_s -plugin-opt=-pass-through=-lc -plugin-opt=-pass-through=-lgcc -plugin-opt=-pass-through=-lgcc_s --build-id --eh-frame-hdr -m elf_x86_64 --hash-style=gnu --as-needed -dynamic-linker /lib64/ld-linux-x86-64.so.2 -pie -z now -z relro -o cmTC_ede01 /usr/lib/gcc/x86_64-linux-gnu/9/../../../x86_64-linux-gnu/Scrt1.o /usr/lib/gcc/x86_64-linux-gnu/9/../../../x86_64-linux-gnu/crti.o /usr/lib/gcc/x86_64-linux-gnu/9/crtbeginS.o -L/usr/lib/gcc/x86_64-linux-gnu/9 -L/usr/lib/gcc/x86_64-linux-gnu/9/../../../x86_64-linux-gnu -L/usr/lib/gcc/x86_64-linux-gnu/9/../../../../lib -L/lib/x86_64-linux-gnu -L/lib/../lib -L/usr/lib/x86_64-linux-gnu -L/usr/lib/../lib -L/usr/lib/gcc/x86_64-linux-gnu/9/../../.. CMakeFiles/cmTC_ede01.dir/CMakeCCompilerABI.c.o -lgcc --push-state --as-needed -lgcc_s --pop-state -lc -lgcc --push-state --as-needed -lgcc_s --pop-state /usr/lib/gcc/x86_64-linux-gnu/9/crtendS.o /usr/lib/gcc/x86_64-linux-gnu/9/../../../x86_64-linux-gnu/crtn.o
COLLECT_GCC_OPTIONS='-v' '-o' 'cmTC_ede01' '-mtune=generic' '-march=x86-64'
make[1]: Leaving directory '/home/munna/dune/dune-integrate/build-cmake/CMakeFiles/CMakeTmp'



Parsed C implicit include dir info from above output: rv=done
  found start of include info
  found start of implicit include info
    add: [/usr/lib/gcc/x86_64-linux-gnu/9/include]
    add: [/usr/local/include]
    add: [/usr/include/x86_64-linux-gnu]
    add: [/usr/include]
  end of search list found
  collapse include dir [/usr/lib/gcc/x86_64-linux-gnu/9/include] ==> [/usr/lib/gcc/x86_64-linux-gnu/9/include]
  collapse include dir [/usr/local/include] ==> [/usr/local/include]
  collapse include dir [/usr/include/x86_64-linux-gnu] ==> [/usr/include/x86_64-linux-gnu]
  collapse include dir [/usr/include] ==> [/usr/include]
  implicit include dirs: [/usr/lib/gcc/x86_64-linux-gnu/9/include;/usr/local/include;/usr/include/x86_64-linux-gnu;/usr/include]


Parsed C implicit link information from above output:
  link line regex: [^( *|.*[/\])(ld|CMAKE_LINK_STARTFILE-NOTFOUND|([^/\]+-)?ld|collect2)[^/\]*( |$)]
  ignore line: [Change Dir: /home/munna/dune/dune-integrate/build-cmake/CMakeFiles/CMakeTmp]
  ignore line: []
  ignore line: [Run Build Command(s):/usr/bin/make cmTC_ede01/fast && /usr/bin/make  -f CMakeFiles/cmTC_ede01.dir/build.make CMakeFiles/cmTC_ede01.dir/build]
  ignore line: [make[1]: Entering directory '/home/munna/dune/dune-integrate/build-cmake/CMakeFiles/CMakeTmp']
  ignore line: [Building C object CMakeFiles/cmTC_ede01.dir/CMakeCCompilerABI.c.o]
  ignore line: [/usr/bin/cc   -v -o CMakeFiles/cmTC_ede01.dir/CMakeCCompilerABI.c.o -c /home/munna/.local/lib/python3.8/site-packages/cmake/data/share/cmake-3.18/Modules/CMakeCCompilerABI.c]
  ignore line: [Using built-in specs.]
  ignore line: [COLLECT_GCC=/usr/bin/cc]
  ignore line: [OFFLOAD_TARGET_NAMES=nvptx-none:hsa]
  ignore line: [OFFLOAD_TARGET_DEFAULT=1]
  ignore line: [Target: x86_64-linux-gnu]
  ignore line: [Configured with: ../src/configure -v --with-pkgversion='Ubuntu 9.3.0-17ubuntu1~20.04' --with-bugurl=file:///usr/share/doc/gcc-9/README.Bugs --enable-languages=c ada c++ go brig d fortran objc obj-c++ gm2 --prefix=/usr --with-gcc-major-version-only --program-suffix=-9 --program-prefix=x86_64-linux-gnu- --enable-shared --enable-linker-build-id --libexecdir=/usr/lib --without-included-gettext --enable-threads=posix --libdir=/usr/lib --enable-nls --enable-clocale=gnu --enable-libstdcxx-debug --enable-libstdcxx-time=yes --with-default-libstdcxx-abi=new --enable-gnu-unique-object --disable-vtable-verify --enable-plugin --enable-default-pie --with-system-zlib --with-target-system-zlib=auto --enable-objc-gc=auto --enable-multiarch --disable-werror --with-arch-32=i686 --with-abi=m64 --with-multilib-list=m32 m64 mx32 --enable-multilib --with-tune=generic --enable-offload-targets=nvptx-none=/build/gcc-9-HskZEa/gcc-9-9.3.0/debian/tmp-nvptx/usr hsa --without-cuda-driver --enable-checking=release --build=x86_64-linux-gnu --host=x86_64-linux-gnu --target=x86_64-linux-gnu]
  ignore line: [Thread model: posix]
  ignore line: [gcc version 9.3.0 (Ubuntu 9.3.0-17ubuntu1~20.04) ]
  ignore line: [COLLECT_GCC_OPTIONS='-v' '-o' 'CMakeFiles/cmTC_ede01.dir/CMakeCCompilerABI.c.o' '-c' '-mtune=generic' '-march=x86-64']
  ignore line: [ /usr/lib/gcc/x86_64-linux-gnu/9/cc1 -quiet -v -imultiarch x86_64-linux-gnu /home/munna/.local/lib/python3.8/site-packages/cmake/data/share/cmake-3.18/Modules/CMakeCCompilerABI.c -quiet -dumpbase CMakeCCompilerABI.c -mtune=generic -march=x86-64 -auxbase-strip CMakeFiles/cmTC_ede01.dir/CMakeCCompilerABI.c.o -version -fasynchronous-unwind-tables -fstack-protector-strong -Wformat -Wformat-security -fstack-clash-protection -fcf-protection -o /tmp/ccUYQZiT.s]
  ignore line: [GNU C17 (Ubuntu 9.3.0-17ubuntu1~20.04) version 9.3.0 (x86_64-linux-gnu)]
  ignore line: [	compiled by GNU C version 9.3.0  GMP version 6.2.0  MPFR version 4.0.2  MPC version 1.1.0  isl version isl-0.22.1-GMP]
  ignore line: []
  ignore line: [GGC heuristics: --param ggc-min-expand=100 --param ggc-min-heapsize=131072]
  ignore line: [ignoring nonexistent directory "/usr/local/include/x86_64-linux-gnu"]
  ignore line: [ignoring nonexistent directory "/usr/lib/gcc/x86_64-linux-gnu/9/include-fixed"]
  ignore line: [ignoring nonexistent directory "/usr/lib/gcc/x86_64-linux-gnu/9/../../../../x86_64-linux-gnu/include"]
  ignore line: [#include "..." search starts here:]
  ignore line: [#include <...> search starts here:]
  ignore line: [ /usr/lib/gcc/x86_64-linux-gnu/9/include]
  ignore line: [ /usr/local/include]
  ignore line: [ /usr/include/x86_64-linux-gnu]
  ignore line: [ /usr/include]
  ignore line: [End of search list.]
  ignore line: [GNU C17 (Ubuntu 9.3.0-17ubuntu1~20.04) version 9.3.0 (x86_64-linux-gnu)]
  ignore line: [	compiled by GNU C version 9.3.0  GMP version 6.2.0  MPFR version 4.0.2  MPC version 1.1.0  isl version isl-0.22.1-GMP]
  ignore line: []
  ignore line: [GGC heuristics: --param ggc-min-expand=100 --param ggc-min-heapsize=131072]
  ignore line: [Compiler executable checksum: bbf13931d8de1abe14040c9909cb6969]
  ignore line: [COLLECT_GCC_OPTIONS='-v' '-o' 'CMakeFiles/cmTC_ede01.dir/CMakeCCompilerABI.c.o' '-c' '-mtune=generic' '-march=x86-64']
  ignore line: [ as -v --64 -o CMakeFiles/cmTC_ede01.dir/CMakeCCompilerABI.c.o /tmp/ccUYQZiT.s]
  ignore line: [GNU assembler version 2.34 (x86_64-linux-gnu) using BFD version (GNU Binutils for Ubuntu) 2.34]
  ignore line: [COMPILER_PATH=/usr/lib/gcc/x86_64-linux-gnu/9/:/usr/lib/gcc/x86_64-linux-gnu/9/:/usr/lib/gcc/x86_64-linux-gnu/:/usr/lib/gcc/x86_64-linux-gnu/9/:/usr/lib/gcc/x86_64-linux-gnu/]
  ignore line: [LIBRARY_PATH=/usr/lib/gcc/x86_64-linux-gnu/9/:/usr/lib/gcc/x86_64-linux-gnu/9/../../../x86_64-linux-gnu/:/usr/lib/gcc/x86_64-linux-gnu/9/../../../../lib/:/lib/x86_64-linux-gnu/:/lib/../lib/:/usr/lib/x86_64-linux-gnu/:/usr/lib/../lib/:/usr/lib/gcc/x86_64-linux-gnu/9/../../../:/lib/:/usr/lib/]
  ignore line: [COLLECT_GCC_OPTIONS='-v' '-o' 'CMakeFiles/cmTC_ede01.dir/CMakeCCompilerABI.c.o' '-c' '-mtune=generic' '-march=x86-64']
  ignore line: [Linking C executable cmTC_ede01]
  ignore line: [/home/munna/.local/lib/python3.8/site-packages/cmake/data/bin/cmake -E cmake_link_script CMakeFiles/cmTC_ede01.dir/link.txt --verbose=1]
  ignore line: [/usr/bin/cc  -v CMakeFiles/cmTC_ede01.dir/CMakeCCompilerABI.c.o -o cmTC_ede01 ]
  ignore line: [Using built-in specs.]
  ignore line: [COLLECT_GCC=/usr/bin/cc]
  ignore line: [COLLECT_LTO_WRAPPER=/usr/lib/gcc/x86_64-linux-gnu/9/lto-wrapper]
  ignore line: [OFFLOAD_TARGET_NAMES=nvptx-none:hsa]
  ignore line: [OFFLOAD_TARGET_DEFAULT=1]
  ignore line: [Target: x86_64-linux-gnu]
  ignore line: [Configured with: ../src/configure -v --with-pkgversion='Ubuntu 9.3.0-17ubuntu1~20.04' --with-bugurl=file:///usr/share/doc/gcc-9/README.Bugs --enable-languages=c ada c++ go brig d fortran objc obj-c++ gm2 --prefix=/usr --with-gcc-major-version-only --program-suffix=-9 --program-prefix=x86_64-linux-gnu- --enable-shared --enable-linker-build-id --libexecdir=/usr/lib --without-included-gettext --enable-threads=posix --libdir=/usr/lib --enable-nls --enable-clocale=gnu --enable-libstdcxx-debug --enable-libstdcxx-time=yes --with-default-libstdcxx-abi=new --enable-gnu-unique-object --disable-vtable-verify --enable-plugin --enable-default-pie --with-system-zlib --with-target-system-zlib=auto --enable-objc-gc=auto --enable-multiarch --disable-werror --with-arch-32=i686 --with-abi=m64 --with-multilib-list=m32 m64 mx32 --enable-multilib --with-tune=generic --enable-offload-targets=nvptx-none=/build/gcc-9-HskZEa/gcc-9-9.3.0/debian/tmp-nvptx/usr hsa --without-cuda-driver --enable-checking=release --build=x86_64-linux-gnu --host=x86_64-linux-gnu --target=x86_64-linux-gnu]
  ignore line: [Thread model: posix]
  ignore line: [gcc version 9.3.0 (Ubuntu 9.3.0-17ubuntu1~20.04) ]
  ignore line: [COMPILER_PATH=/usr/lib/gcc/x86_64-linux-gnu/9/:/usr/lib/gcc/x86_64-linux-gnu/9/:/usr/lib/gcc/x86_64-linux-gnu/:/usr/lib/gcc/x86_64-linux-gnu/9/:/usr/lib/gcc/x86_64-linux-gnu/]
  ignore line: [LIBRARY_PATH=/usr/lib/gcc/x86_64-linux-gnu/9/:/usr/lib/gcc/x86_64-linux-gnu/9/../../../x86_64-linux-gnu/:/usr/lib/gcc/x86_64-linux-gnu/9/../../../../lib/:/lib/x86_64-linux-gnu/:/lib/../lib/:/usr/lib/x86_64-linux-gnu/:/usr/lib/../lib/:/usr/lib/gcc/x86_64-linux-gnu/9/../../../:/lib/:/usr/lib/]
  ignore line: [COLLECT_GCC_OPTIONS='-v' '-o' 'cmTC_ede01' '-mtune=generic' '-march=x86-64']
  link line: [ /usr/lib/gcc/x86_64-linux-gnu/9/collect2 -plugin /usr/lib/gcc/x86_64-linux-gnu/9/liblto_plugin.so -plugin-opt=/usr/lib/gcc/x86_64-linux-gnu/9/lto-wrapper -plugin-opt=-fresolution=/tmp/ccKDd72m.res -plugin-opt=-pass-through=-lgcc -plugin-opt=-pass-through=-lgcc_s -plugin-opt=-pass-through=-lc -plugin-opt=-pass-through=-lgcc -plugin-opt=-pass-through=-lgcc_s --build-id --eh-frame-hdr -m elf_x86_64 --hash-style=gnu --as-needed -dynamic-linker /lib64/ld-linux-x86-64.so.2 -pie -z now -z relro -o cmTC_ede01 /usr/lib/gcc/x86_64-linux-gnu/9/../../../x86_64-linux-gnu/Scrt1.o /usr/lib/gcc/x86_64-linux-gnu/9/../../../x86_64-linux-gnu/crti.o /usr/lib/gcc/x86_64-linux-gnu/9/crtbeginS.o -L/usr/lib/gcc/x86_64-linux-gnu/9 -L/usr/lib/gcc/x86_64-linux-gnu/9/../../../x86_64-linux-gnu -L/usr/lib/gcc/x86_64-linux-gnu/9/../../../../lib -L/lib/x86_64-linux-gnu -L/lib/../lib -L/usr/lib/x86_64-linux-gnu -L/usr/lib/../lib -L/usr/lib/gcc/x86_64-linux-gnu/9/../../.. CMakeFiles/cmTC_ede01.dir/CMakeCCompilerABI.c.o -lgcc --push-state --as-needed -lgcc_s --pop-state -lc -lgcc --push-state --as-needed -lgcc_s --pop-state /usr/lib/gcc/x86_64-linux-gnu/9/crtendS.o /usr/lib/gcc/x86_64-linux-gnu/9/../../../x86_64-linux-gnu/crtn.o]
    arg [/usr/lib/gcc/x86_64-linux-gnu/9/collect2] ==> ignore
    arg [-plugin] ==> ignore
    arg [/usr/lib/gcc/x86_64-linux-gnu/9/liblto_plugin.so] ==> ignore
    arg [-plugin-opt=/usr/lib/gcc/x86_64-linux-gnu/9/lto-wrapper] ==> ignore
    arg [-plugin-opt=-fresolution=/tmp/ccKDd72m.res] ==> ignore
    arg [-plugin-opt=-pass-through=-lgcc] ==> ignore
    arg [-plugin-opt=-pass-through=-lgcc_s] ==> ignore
    arg [-plugin-opt=-pass-through=-lc] ==> ignore
    arg [-plugin-opt=-pass-through=-lgcc] ==> ignore
    arg [-plugin-opt=-pass-through=-lgcc_s] ==> ignore
    arg [--build-id] ==> ignore
    arg [--eh-frame-hdr] ==> ignore
    arg [-m] ==> ignore
    arg [elf_x86_64] ==> ignore
    arg [--hash-style=gnu] ==> ignore
    arg [--as-needed] ==> ignore
    arg [-dynamic-linker] ==> ignore
    arg [/lib64/ld-linux-x86-64.so.2] ==> ignore
    arg [-pie] ==> ignore
    arg [-znow] ==> ignore
    arg [-zrelro] ==> ignore
    arg [-o] ==> ignore
    arg [cmTC_ede01] ==> ignore
    arg [/usr/lib/gcc/x86_64-linux-gnu/9/../../../x86_64-linux-gnu/Scrt1.o] ==> ignore
    arg [/usr/lib/gcc/x86_64-linux-gnu/9/../../../x86_64-linux-gnu/crti.o] ==> ignore
    arg [/usr/lib/gcc/x86_64-linux-gnu/9/crtbeginS.o] ==> ignore
    arg [-L/usr/lib/gcc/x86_64-linux-gnu/9] ==> dir [/usr/lib/gcc/x86_64-linux-gnu/9]
    arg [-L/usr/lib/gcc/x86_64-linux-gnu/9/../../../x86_64-linux-gnu] ==> dir [/usr/lib/gcc/x86_64-linux-gnu/9/../../../x86_64-linux-gnu]
    arg [-L/usr/lib/gcc/x86_64-linux-gnu/9/../../../../lib] ==> dir [/usr/lib/gcc/x86_64-linux-gnu/9/../../../../lib]
    arg [-L/lib/x86_64-linux-gnu] ==> dir [/lib/x86_64-linux-gnu]
    arg [-L/lib/../lib] ==> dir [/lib/../lib]
    arg [-L/usr/lib/x86_64-linux-gnu] ==> dir [/usr/lib/x86_64-linux-gnu]
    arg [-L/usr/lib/../lib] ==> dir [/usr/lib/../lib]
    arg [-L/usr/lib/gcc/x86_64-linux-gnu/9/../../..] ==> dir [/usr/lib/gcc/x86_64-linux-gnu/9/../../..]
    arg [CMakeFiles/cmTC_ede01.dir/CMakeCCompilerABI.c.o] ==> ignore
    arg [-lgcc] ==> lib [gcc]
    arg [--push-state] ==> ignore
    arg [--as-needed] ==> ignore
    arg [-lgcc_s] ==> lib [gcc_s]
    arg [--pop-state] ==> ignore
    arg [-lc] ==> lib [c]
    arg [-lgcc] ==> lib [gcc]
    arg [--push-state] ==> ignore
    arg [--as-needed] ==> ignore
    arg [-lgcc_s] ==> lib [gcc_s]
    arg [--pop-state] ==> ignore
    arg [/usr/lib/gcc/x86_64-linux-gnu/9/crtendS.o] ==> ignore
    arg [/usr/lib/gcc/x86_64-linux-gnu/9/../../../x86_64-linux-gnu/crtn.o] ==> ignore
  collapse library dir [/usr/lib/gcc/x86_64-linux-gnu/9] ==> [/usr/lib/gcc/x86_64-linux-gnu/9]
  collapse library dir [/usr/lib/gcc/x86_64-linux-gnu/9/../../../x86_64-linux-gnu] ==> [/usr/lib/x86_64-linux-gnu]
  collapse library dir [/usr/lib/gcc/x86_64-linux-gnu/9/../../../../lib] ==> [/usr/lib]
  collapse library dir [/lib/x86_64-linux-gnu] ==> [/lib/x86_64-linux-gnu]
  collapse library dir [/lib/../lib] ==> [/lib]
  collapse library dir [/usr/lib/x86_64-linux-gnu] ==> [/usr/lib/x86_64-linux-gnu]
  collapse library dir [/usr/lib/../lib] ==> [/usr/lib]
  collapse library dir [/usr/lib/gcc/x86_64-linux-gnu/9/../../..] ==> [/usr/lib]
  implicit libs: [gcc;gcc_s;c;gcc;gcc_s]
  implicit dirs: [/usr/lib/gcc/x86_64-linux-gnu/9;/usr/lib/x86_64-linux-gnu;/usr/lib;/lib/x86_64-linux-gnu;/lib]
  implicit fwks: []


Performing C++ SOURCE FILE Test cxx_std_flag_17 succeeded with the following output:
Change Dir: /home/munna/dune/dune-integrate/build-cmake/CMakeFiles/CMakeTmp

Run Build Command(s):/usr/bin/make cmTC_4f019/fast && /usr/bin/make  -f CMakeFiles/cmTC_4f019.dir/build.make CMakeFiles/cmTC_4f019.dir/build
make[1]: Entering directory '/home/munna/dune/dune-integrate/build-cmake/CMakeFiles/CMakeTmp'
Building CXX object CMakeFiles/cmTC_4f019.dir/src.cxx.o
/usr/bin/c++   -Dcxx_std_flag_17 -fPIE   -std=c++17 -o CMakeFiles/cmTC_4f019.dir/src.cxx.o -c /home/munna/dune/dune-integrate/build-cmake/CMakeFiles/CMakeTmp/src.cxx
Linking CXX executable cmTC_4f019
/home/munna/.local/lib/python3.8/site-packages/cmake/data/bin/cmake -E cmake_link_script CMakeFiles/cmTC_4f019.dir/link.txt --verbose=1
/usr/bin/c++  -Dcxx_std_flag_17 CMakeFiles/cmTC_4f019.dir/src.cxx.o -o cmTC_4f019 
make[1]: Leaving directory '/home/munna/dune/dune-integrate/build-cmake/CMakeFiles/CMakeTmp'


Source file was:
int main() { return 0; }
Performing C++ SOURCE FILE Test compiler_supports_cxx17 succeeded with the following output:
Change Dir: /home/munna/dune/dune-integrate/build-cmake/CMakeFiles/CMakeTmp

Run Build Command(s):/usr/bin/make cmTC_bb393/fast && /usr/bin/make  -f CMakeFiles/cmTC_bb393.dir/build.make CMakeFiles/cmTC_bb393.dir/build
make[1]: Entering directory '/home/munna/dune/dune-integrate/build-cmake/CMakeFiles/CMakeTmp'
Building CXX object CMakeFiles/cmTC_bb393.dir/src.cxx.o
/usr/bin/c++   -Dcompiler_supports_cxx17  -std=c++17 -fPIE -o CMakeFiles/cmTC_bb393.dir/src.cxx.o -c /home/munna/dune/dune-integrate/build-cmake/CMakeFiles/CMakeTmp/src.cxx
Linking CXX executable cmTC_bb393
/home/munna/.local/lib/python3.8/site-packages/cmake/data/bin/cmake -E cmake_link_script CMakeFiles/cmTC_bb393.dir/link.txt --verbose=1
/usr/bin/c++  -Dcompiler_supports_cxx17  -std=c++17 CMakeFiles/cmTC_bb393.dir/src.cxx.o -o cmTC_bb393 
make[1]: Leaving directory '/home/munna/dune/dune-integrate/build-cmake/CMakeFiles/CMakeTmp'


Source file was:

  #include <type_traits>

  // nested namespaces are a C++17 compiler feature
  namespace A::B {
    using T = int;
  }

  int main() {
    // std::void_t is a C++17 library feature
    return not std::is_same<void,std::void_t<A::B::T> >{};
  }
  
Performing C++ SOURCE FILE Test HAS_ATTRIBUTE_UNUSED succeeded with the following output:
Change Dir: /home/munna/dune/dune-integrate/build-cmake/CMakeFiles/CMakeTmp

Run Build Command(s):/usr/bin/make cmTC_5cdf6/fast && /usr/bin/make  -f CMakeFiles/cmTC_5cdf6.dir/build.make CMakeFiles/cmTC_5cdf6.dir/build
make[1]: Entering directory '/home/munna/dune/dune-integrate/build-cmake/CMakeFiles/CMakeTmp'
Building CXX object CMakeFiles/cmTC_5cdf6.dir/src.cxx.o
/usr/bin/c++   -std=c++17  -DHAS_ATTRIBUTE_UNUSED -fPIE -o CMakeFiles/cmTC_5cdf6.dir/src.cxx.o -c /home/munna/dune/dune-integrate/build-cmake/CMakeFiles/CMakeTmp/src.cxx
Linking CXX executable cmTC_5cdf6
/home/munna/.local/lib/python3.8/site-packages/cmake/data/bin/cmake -E cmake_link_script CMakeFiles/cmTC_5cdf6.dir/link.txt --verbose=1
/usr/bin/c++ -std=c++17  -DHAS_ATTRIBUTE_UNUSED CMakeFiles/cmTC_5cdf6.dir/src.cxx.o -o cmTC_5cdf6 
make[1]: Leaving directory '/home/munna/dune/dune-integrate/build-cmake/CMakeFiles/CMakeTmp'


Source file was:

   int main(void)
   {
     int __attribute__((unused)) foo;
     return 0;
   };

Performing C++ SOURCE FILE Test HAS_ATTRIBUTE_DEPRECATED succeeded with the following output:
Change Dir: /home/munna/dune/dune-integrate/build-cmake/CMakeFiles/CMakeTmp

Run Build Command(s):/usr/bin/make cmTC_e505a/fast && /usr/bin/make  -f CMakeFiles/cmTC_e505a.dir/build.make CMakeFiles/cmTC_e505a.dir/build
make[1]: Entering directory '/home/munna/dune/dune-integrate/build-cmake/CMakeFiles/CMakeTmp'
Building CXX object CMakeFiles/cmTC_e505a.dir/src.cxx.o
/usr/bin/c++   -std=c++17  -DHAS_ATTRIBUTE_DEPRECATED -fPIE -o CMakeFiles/cmTC_e505a.dir/src.cxx.o -c /home/munna/dune/dune-integrate/build-cmake/CMakeFiles/CMakeTmp/src.cxx
Linking CXX executable cmTC_e505a
/home/munna/.local/lib/python3.8/site-packages/cmake/data/bin/cmake -E cmake_link_script CMakeFiles/cmTC_e505a.dir/link.txt --verbose=1
/usr/bin/c++ -std=c++17  -DHAS_ATTRIBUTE_DEPRECATED CMakeFiles/cmTC_e505a.dir/src.cxx.o -o cmTC_e505a 
make[1]: Leaving directory '/home/munna/dune/dune-integrate/build-cmake/CMakeFiles/CMakeTmp'


Source file was:

#define DEP __attribute__((deprecated))
   class bar
   {
     bar() DEP;
   };

   class peng { } DEP;

   template <class T>
   class t_bar
   {
     t_bar() DEP;
   };

   template <class T>
   class t_peng {
     t_peng() {};
   } DEP;

   void foo() DEP;

   void foo() {}

   int main(void)
   {
     return 0;
   };

Performing C++ SOURCE FILE Test HAS_ATTRIBUTE_DEPRECATED_MSG succeeded with the following output:
Change Dir: /home/munna/dune/dune-integrate/build-cmake/CMakeFiles/CMakeTmp

Run Build Command(s):/usr/bin/make cmTC_c3c06/fast && /usr/bin/make  -f CMakeFiles/cmTC_c3c06.dir/build.make CMakeFiles/cmTC_c3c06.dir/build
make[1]: Entering directory '/home/munna/dune/dune-integrate/build-cmake/CMakeFiles/CMakeTmp'
Building CXX object CMakeFiles/cmTC_c3c06.dir/src.cxx.o
/usr/bin/c++   -std=c++17  -DHAS_ATTRIBUTE_DEPRECATED_MSG -fPIE -o CMakeFiles/cmTC_c3c06.dir/src.cxx.o -c /home/munna/dune/dune-integrate/build-cmake/CMakeFiles/CMakeTmp/src.cxx
Linking CXX executable cmTC_c3c06
/home/munna/.local/lib/python3.8/site-packages/cmake/data/bin/cmake -E cmake_link_script CMakeFiles/cmTC_c3c06.dir/link.txt --verbose=1
/usr/bin/c++ -std=c++17  -DHAS_ATTRIBUTE_DEPRECATED_MSG CMakeFiles/cmTC_c3c06.dir/src.cxx.o -o cmTC_c3c06 
make[1]: Leaving directory '/home/munna/dune/dune-integrate/build-cmake/CMakeFiles/CMakeTmp'


Source file was:

#define DEP __attribute__((deprecated("message")))
   class bar {
     bar() DEP;
   };

   class peng { } DEP;

   template <class T>
   class t_bar
   {
     t_bar() DEP;
   };

   template <class T>
   class t_peng
   {
     t_peng() {};
   } DEP;

   void foo() DEP;

   void foo() {}

   int main(void)
   {
     return 0;
   };

Performing C++ SOURCE FILE Test HAVE_IS_INDEXABLE_SUPPORT succeeded with the following output:
Change Dir: /home/munna/dune/dune-integrate/build-cmake/CMakeFiles/CMakeTmp

Run Build Command(s):/usr/bin/make cmTC_acd40/fast && /usr/bin/make  -f CMakeFiles/cmTC_acd40.dir/build.make CMakeFiles/cmTC_acd40.dir/build
make[1]: Entering directory '/home/munna/dune/dune-integrate/build-cmake/CMakeFiles/CMakeTmp'
Building CXX object CMakeFiles/cmTC_acd40.dir/src.cxx.o
/usr/bin/c++   -std=c++17  -DHAVE_IS_INDEXABLE_SUPPORT -fPIE -o CMakeFiles/cmTC_acd40.dir/src.cxx.o -c /home/munna/dune/dune-integrate/build-cmake/CMakeFiles/CMakeTmp/src.cxx
Linking CXX executable cmTC_acd40
/home/munna/.local/lib/python3.8/site-packages/cmake/data/bin/cmake -E cmake_link_script CMakeFiles/cmTC_acd40.dir/link.txt --verbose=1
/usr/bin/c++ -std=c++17  -DHAVE_IS_INDEXABLE_SUPPORT CMakeFiles/cmTC_acd40.dir/src.cxx.o -o cmTC_acd40 
make[1]: Leaving directory '/home/munna/dune/dune-integrate/build-cmake/CMakeFiles/CMakeTmp'


Source file was:

  #include <utility>
  #include <type_traits>
  #include <array>

  template <class T>
  typename std::add_rvalue_reference<T>::type declval();

  namespace detail {

    template<typename T, typename I, typename = int>
    struct _is_indexable
      : public std::false_type
    {};

    template<typename T, typename I>
    struct _is_indexable<T,I,typename std::enable_if<(sizeof(declval<T>()[declval<I>()]) > 0),int>::type>
      : public std::true_type
    {};

  }

  template<typename T, typename I = std::size_t>
  struct is_indexable
    : public detail::_is_indexable<T,I>
  {};

  struct foo_type {};

  int main()
  {
    double x;
    std::array<double,4> y;
    double z[5];
    foo_type f;

    static_assert(not is_indexable<decltype(x)>::value,"scalar type");
    static_assert(is_indexable<decltype(y)>::value,"indexable class");
    static_assert(is_indexable<decltype(z)>::value,"array");
    static_assert(not is_indexable<decltype(f)>::value,"not indexable class");
    static_assert(not is_indexable<decltype(y),foo_type>::value,"custom index type");

    return 0;
  }

Determining if the include file experimental/type_traits exists passed with the following output:
Change Dir: /home/munna/dune/dune-integrate/build-cmake/CMakeFiles/CMakeTmp

Run Build Command(s):/usr/bin/make cmTC_1a457/fast && /usr/bin/make  -f CMakeFiles/cmTC_1a457.dir/build.make CMakeFiles/cmTC_1a457.dir/build
make[1]: Entering directory '/home/munna/dune/dune-integrate/build-cmake/CMakeFiles/CMakeTmp'
Building CXX object CMakeFiles/cmTC_1a457.dir/CheckIncludeFile.cxx.o
/usr/bin/c++   -std=c++17   -fPIE -o CMakeFiles/cmTC_1a457.dir/CheckIncludeFile.cxx.o -c /home/munna/dune/dune-integrate/build-cmake/CMakeFiles/CMakeTmp/CheckIncludeFile.cxx
Linking CXX executable cmTC_1a457
/home/munna/.local/lib/python3.8/site-packages/cmake/data/bin/cmake -E cmake_link_script CMakeFiles/cmTC_1a457.dir/link.txt --verbose=1
/usr/bin/c++ -std=c++17   CMakeFiles/cmTC_1a457.dir/CheckIncludeFile.cxx.o -o cmTC_1a457 
make[1]: Leaving directory '/home/munna/dune/dune-integrate/build-cmake/CMakeFiles/CMakeTmp'



Determining if the std::move<std::bool_constant<true>> exist passed with the following output:
Change Dir: /home/munna/dune/dune-integrate/build-cmake/CMakeFiles/CMakeTmp

Run Build Command(s):/usr/bin/make cmTC_620a0/fast && /usr/bin/make  -f CMakeFiles/cmTC_620a0.dir/build.make CMakeFiles/cmTC_620a0.dir/build
make[1]: Entering directory '/home/munna/dune/dune-integrate/build-cmake/CMakeFiles/CMakeTmp'
Building CXX object CMakeFiles/cmTC_620a0.dir/CheckSymbolExists.cxx.o
/usr/bin/c++   -std=c++17   -fPIE -o CMakeFiles/cmTC_620a0.dir/CheckSymbolExists.cxx.o -c /home/munna/dune/dune-integrate/build-cmake/CMakeFiles/CMakeTmp/CheckSymbolExists.cxx
Linking CXX executable cmTC_620a0
/home/munna/.local/lib/python3.8/site-packages/cmake/data/bin/cmake -E cmake_link_script CMakeFiles/cmTC_620a0.dir/link.txt --verbose=1
/usr/bin/c++ -std=c++17   CMakeFiles/cmTC_620a0.dir/CheckSymbolExists.cxx.o -o cmTC_620a0 
make[1]: Leaving directory '/home/munna/dune/dune-integrate/build-cmake/CMakeFiles/CMakeTmp'


File /home/munna/dune/dune-integrate/build-cmake/CMakeFiles/CMakeTmp/CheckSymbolExists.cxx:
/* */
#include <utility>
#include <type_traits>

int main(int argc, char** argv)
{
  (void)argv;
  return ((int*)(&std::move<std::bool_constant<true>>))[argc];
}
Determining if the std::apply<std::negate<int>,std::tuple<int>> exist passed with the following output:
Change Dir: /home/munna/dune/dune-integrate/build-cmake/CMakeFiles/CMakeTmp

Run Build Command(s):/usr/bin/make cmTC_6824c/fast && /usr/bin/make  -f CMakeFiles/cmTC_6824c.dir/build.make CMakeFiles/cmTC_6824c.dir/build
make[1]: Entering directory '/home/munna/dune/dune-integrate/build-cmake/CMakeFiles/CMakeTmp'
Building CXX object CMakeFiles/cmTC_6824c.dir/CheckSymbolExists.cxx.o
/usr/bin/c++   -std=c++17   -fPIE -o CMakeFiles/cmTC_6824c.dir/CheckSymbolExists.cxx.o -c /home/munna/dune/dune-integrate/build-cmake/CMakeFiles/CMakeTmp/CheckSymbolExists.cxx
Linking CXX executable cmTC_6824c
/home/munna/.local/lib/python3.8/site-packages/cmake/data/bin/cmake -E cmake_link_script CMakeFiles/cmTC_6824c.dir/link.txt --verbose=1
/usr/bin/c++ -std=c++17   CMakeFiles/cmTC_6824c.dir/CheckSymbolExists.cxx.o -o cmTC_6824c 
make[1]: Leaving directory '/home/munna/dune/dune-integrate/build-cmake/CMakeFiles/CMakeTmp'


File /home/munna/dune/dune-integrate/build-cmake/CMakeFiles/CMakeTmp/CheckSymbolExists.cxx:
/* */
#include <functional>
#include <tuple>

int main(int argc, char** argv)
{
  (void)argv;
  return ((int*)(&std::apply<std::negate<int>,std::tuple<int>>))[argc];
}
Determining if the std::experimental::make_array<int,int> exist passed with the following output:
Change Dir: /home/munna/dune/dune-integrate/build-cmake/CMakeFiles/CMakeTmp

Run Build Command(s):/usr/bin/make cmTC_c0eb3/fast && /usr/bin/make  -f CMakeFiles/cmTC_c0eb3.dir/build.make CMakeFiles/cmTC_c0eb3.dir/build
make[1]: Entering directory '/home/munna/dune/dune-integrate/build-cmake/CMakeFiles/CMakeTmp'
Building CXX object CMakeFiles/cmTC_c0eb3.dir/CheckSymbolExists.cxx.o
/usr/bin/c++   -std=c++17   -fPIE -o CMakeFiles/cmTC_c0eb3.dir/CheckSymbolExists.cxx.o -c /home/munna/dune/dune-integrate/build-cmake/CMakeFiles/CMakeTmp/CheckSymbolExists.cxx
Linking CXX executable cmTC_c0eb3
/home/munna/.local/lib/python3.8/site-packages/cmake/data/bin/cmake -E cmake_link_script CMakeFiles/cmTC_c0eb3.dir/link.txt --verbose=1
/usr/bin/c++ -std=c++17   CMakeFiles/cmTC_c0eb3.dir/CheckSymbolExists.cxx.o -o cmTC_c0eb3 
make[1]: Leaving directory '/home/munna/dune/dune-integrate/build-cmake/CMakeFiles/CMakeTmp'


File /home/munna/dune/dune-integrate/build-cmake/CMakeFiles/CMakeTmp/CheckSymbolExists.cxx:
/* */
#include <experimental/array>

int main(int argc, char** argv)
{
  (void)argv;
  return ((int*)(&std::experimental::make_array<int,int>))[argc];
}
Determining if the std::move<std::experimental::detected_t<std::decay_t,int>> exist passed with the following output:
Change Dir: /home/munna/dune/dune-integrate/build-cmake/CMakeFiles/CMakeTmp

Run Build Command(s):/usr/bin/make cmTC_0314e/fast && /usr/bin/make  -f CMakeFiles/cmTC_0314e.dir/build.make CMakeFiles/cmTC_0314e.dir/build
make[1]: Entering directory '/home/munna/dune/dune-integrate/build-cmake/CMakeFiles/CMakeTmp'
Building CXX object CMakeFiles/cmTC_0314e.dir/CheckSymbolExists.cxx.o
/usr/bin/c++   -std=c++17   -fPIE -o CMakeFiles/cmTC_0314e.dir/CheckSymbolExists.cxx.o -c /home/munna/dune/dune-integrate/build-cmake/CMakeFiles/CMakeTmp/CheckSymbolExists.cxx
Linking CXX executable cmTC_0314e
/home/munna/.local/lib/python3.8/site-packages/cmake/data/bin/cmake -E cmake_link_script CMakeFiles/cmTC_0314e.dir/link.txt --verbose=1
/usr/bin/c++ -std=c++17   CMakeFiles/cmTC_0314e.dir/CheckSymbolExists.cxx.o -o cmTC_0314e 
make[1]: Leaving directory '/home/munna/dune/dune-integrate/build-cmake/CMakeFiles/CMakeTmp'


File /home/munna/dune/dune-integrate/build-cmake/CMakeFiles/CMakeTmp/CheckSymbolExists.cxx:
/* */
#include <utility>
#include <experimental/type_traits>

int main(int argc, char** argv)
{
  (void)argv;
  return ((int*)(&std::move<std::experimental::detected_t<std::decay_t,int>>))[argc];
}
Performing C++ SOURCE FILE Test HAVE_CXA_DEMANGLE succeeded with the following output:
Change Dir: /home/munna/dune/dune-integrate/build-cmake/CMakeFiles/CMakeTmp

Run Build Command(s):/usr/bin/make cmTC_b73fe/fast && /usr/bin/make  -f CMakeFiles/cmTC_b73fe.dir/build.make CMakeFiles/cmTC_b73fe.dir/build
make[1]: Entering directory '/home/munna/dune/dune-integrate/build-cmake/CMakeFiles/CMakeTmp'
Building CXX object CMakeFiles/cmTC_b73fe.dir/src.cxx.o
/usr/bin/c++   -std=c++17  -DHAVE_CXA_DEMANGLE -fPIE -o CMakeFiles/cmTC_b73fe.dir/src.cxx.o -c /home/munna/dune/dune-integrate/build-cmake/CMakeFiles/CMakeTmp/src.cxx
Linking CXX executable cmTC_b73fe
/home/munna/.local/lib/python3.8/site-packages/cmake/data/bin/cmake -E cmake_link_script CMakeFiles/cmTC_b73fe.dir/link.txt --verbose=1
/usr/bin/c++ -std=c++17  -DHAVE_CXA_DEMANGLE CMakeFiles/cmTC_b73fe.dir/src.cxx.o -o cmTC_b73fe 
make[1]: Leaving directory '/home/munna/dune/dune-integrate/build-cmake/CMakeFiles/CMakeTmp'


Source file was:
#include <typeinfo>
#include <cxxabi.h>
int main(void){
    int foobar = 0;
    const char *foo = typeid(foobar).name();
    int status;
    char *demangled = abi::__cxa_demangle( foo, 0, 0, &status );
}
Determining if the include file pthread.h exists passed with the following output:
Change Dir: /home/munna/dune/dune-integrate/build-cmake/CMakeFiles/CMakeTmp

Run Build Command(s):/usr/bin/make cmTC_48410/fast && /usr/bin/make  -f CMakeFiles/cmTC_48410.dir/build.make CMakeFiles/cmTC_48410.dir/build
make[1]: Entering directory '/home/munna/dune/dune-integrate/build-cmake/CMakeFiles/CMakeTmp'
Building C object CMakeFiles/cmTC_48410.dir/CheckIncludeFile.c.o
/usr/bin/cc   -fPIE -o CMakeFiles/cmTC_48410.dir/CheckIncludeFile.c.o -c /home/munna/dune/dune-integrate/build-cmake/CMakeFiles/CMakeTmp/CheckIncludeFile.c
Linking C executable cmTC_48410
/home/munna/.local/lib/python3.8/site-packages/cmake/data/bin/cmake -E cmake_link_script CMakeFiles/cmTC_48410.dir/link.txt --verbose=1
/usr/bin/cc CMakeFiles/cmTC_48410.dir/CheckIncludeFile.c.o -o cmTC_48410 
make[1]: Leaving directory '/home/munna/dune/dune-integrate/build-cmake/CMakeFiles/CMakeTmp'



Determining if the function sgemm_ exists passed with the following output:
Change Dir: /home/munna/dune/dune-integrate/build-cmake/CMakeFiles/CMakeTmp

Run Build Command(s):/usr/bin/make cmTC_bde59/fast && /usr/bin/make  -f CMakeFiles/cmTC_bde59.dir/build.make CMakeFiles/cmTC_bde59.dir/build
make[1]: Entering directory '/home/munna/dune/dune-integrate/build-cmake/CMakeFiles/CMakeTmp'
Building C object CMakeFiles/cmTC_bde59.dir/CheckFunctionExists.c.o
/usr/bin/cc   -DCHECK_FUNCTION_EXISTS=sgemm_ -fPIE -o CMakeFiles/cmTC_bde59.dir/CheckFunctionExists.c.o -c /home/munna/.local/lib/python3.8/site-packages/cmake/data/share/cmake-3.18/Modules/CheckFunctionExists.c
Linking C executable cmTC_bde59
/home/munna/.local/lib/python3.8/site-packages/cmake/data/bin/cmake -E cmake_link_script CMakeFiles/cmTC_bde59.dir/link.txt --verbose=1
/usr/bin/cc  -DCHECK_FUNCTION_EXISTS=sgemm_ CMakeFiles/cmTC_bde59.dir/CheckFunctionExists.c.o -o cmTC_bde59  /usr/lib/x86_64-linux-gnu/libblas.so 
make[1]: Leaving directory '/home/munna/dune/dune-integrate/build-cmake/CMakeFiles/CMakeTmp'



Determining if the function cheev_ exists passed with the following output:
Change Dir: /home/munna/dune/dune-integrate/build-cmake/CMakeFiles/CMakeTmp

Run Build Command(s):/usr/bin/make cmTC_91677/fast && /usr/bin/make  -f CMakeFiles/cmTC_91677.dir/build.make CMakeFiles/cmTC_91677.dir/build
make[1]: Entering directory '/home/munna/dune/dune-integrate/build-cmake/CMakeFiles/CMakeTmp'
Building C object CMakeFiles/cmTC_91677.dir/CheckFunctionExists.c.o
/usr/bin/cc   -DCHECK_FUNCTION_EXISTS=cheev_ -fPIE -o CMakeFiles/cmTC_91677.dir/CheckFunctionExists.c.o -c /home/munna/.local/lib/python3.8/site-packages/cmake/data/share/cmake-3.18/Modules/CheckFunctionExists.c
Linking C executable cmTC_91677
/home/munna/.local/lib/python3.8/site-packages/cmake/data/bin/cmake -E cmake_link_script CMakeFiles/cmTC_91677.dir/link.txt --verbose=1
/usr/bin/cc  -DCHECK_FUNCTION_EXISTS=cheev_ CMakeFiles/cmTC_91677.dir/CheckFunctionExists.c.o -o cmTC_91677  /usr/lib/x86_64-linux-gnu/liblapack.so /usr/lib/x86_64-linux-gnu/libblas.so 
make[1]: Leaving directory '/home/munna/dune/dune-integrate/build-cmake/CMakeFiles/CMakeTmp'



Determining if the function dsyev_ exists passed with the following output:
Change Dir: /home/munna/dune/dune-integrate/build-cmake/CMakeFiles/CMakeTmp

Run Build Command(s):/usr/bin/make cmTC_52098/fast && /usr/bin/make  -f CMakeFiles/cmTC_52098.dir/build.make CMakeFiles/cmTC_52098.dir/build
make[1]: Entering directory '/home/munna/dune/dune-integrate/build-cmake/CMakeFiles/CMakeTmp'
Building C object CMakeFiles/cmTC_52098.dir/CheckFunctionExists.c.o
/usr/bin/cc   -DCHECK_FUNCTION_EXISTS=dsyev_ -fPIE -o CMakeFiles/cmTC_52098.dir/CheckFunctionExists.c.o -c /home/munna/.local/lib/python3.8/site-packages/cmake/data/share/cmake-3.18/Modules/CheckFunctionExists.c
Linking C executable cmTC_52098
/home/munna/.local/lib/python3.8/site-packages/cmake/data/bin/cmake -E cmake_link_script CMakeFiles/cmTC_52098.dir/link.txt --verbose=1
/usr/bin/cc  -DCHECK_FUNCTION_EXISTS=dsyev_ CMakeFiles/cmTC_52098.dir/CheckFunctionExists.c.o -o cmTC_52098  /usr/lib/x86_64-linux-gnu/liblapack.so /usr/lib/x86_64-linux-gnu/libblas.so 
make[1]: Leaving directory '/home/munna/dune/dune-integrate/build-cmake/CMakeFiles/CMakeTmp'



Performing C++ SOURCE FILE Test QuadMath_COMPILES succeeded with the following output:
Change Dir: /home/munna/dune/dune-integrate/build-cmake/CMakeFiles/CMakeTmp

Run Build Command(s):/usr/bin/make cmTC_4c413/fast && /usr/bin/make  -f CMakeFiles/cmTC_4c413.dir/build.make CMakeFiles/cmTC_4c413.dir/build
make[1]: Entering directory '/home/munna/dune/dune-integrate/build-cmake/CMakeFiles/CMakeTmp'
Building CXX object CMakeFiles/cmTC_4c413.dir/src.cxx.o
/usr/bin/c++   -std=c++17  -DQuadMath_COMPILES -fext-numeric-literals -fPIE -o CMakeFiles/cmTC_4c413.dir/src.cxx.o -c /home/munna/dune/dune-integrate/build-cmake/CMakeFiles/CMakeTmp/src.cxx
Linking CXX executable cmTC_4c413
/home/munna/.local/lib/python3.8/site-packages/cmake/data/bin/cmake -E cmake_link_script CMakeFiles/cmTC_4c413.dir/link.txt --verbose=1
/usr/bin/c++ -std=c++17  -DQuadMath_COMPILES -fext-numeric-literals CMakeFiles/cmTC_4c413.dir/src.cxx.o -o cmTC_4c413  -lquadmath 
make[1]: Leaving directory '/home/munna/dune/dune-integrate/build-cmake/CMakeFiles/CMakeTmp'


Source file was:

#include <quadmath.h>

int main ()
{
  __float128 r = 1.0q;
  r = strtoflt128("1.2345678", NULL);
  return 0;
}
Determining if the include file sys/mman.h exists passed with the following output:
Change Dir: /home/munna/dune/dune-integrate/build-cmake/CMakeFiles/CMakeTmp

Run Build Command(s):/usr/bin/make cmTC_c7ddd/fast && /usr/bin/make  -f CMakeFiles/cmTC_c7ddd.dir/build.make CMakeFiles/cmTC_c7ddd.dir/build
make[1]: Entering directory '/home/munna/dune/dune-integrate/build-cmake/CMakeFiles/CMakeTmp'
Building C object CMakeFiles/cmTC_c7ddd.dir/CheckIncludeFile.c.o
/usr/bin/cc   -fPIE -o CMakeFiles/cmTC_c7ddd.dir/CheckIncludeFile.c.o -c /home/munna/dune/dune-integrate/build-cmake/CMakeFiles/CMakeTmp/CheckIncludeFile.c
Linking C executable cmTC_c7ddd
/home/munna/.local/lib/python3.8/site-packages/cmake/data/bin/cmake -E cmake_link_script CMakeFiles/cmTC_c7ddd.dir/link.txt --verbose=1
/usr/bin/cc CMakeFiles/cmTC_c7ddd.dir/CheckIncludeFile.c.o -o cmTC_c7ddd 
make[1]: Leaving directory '/home/munna/dune/dune-integrate/build-cmake/CMakeFiles/CMakeTmp'



Performing C SOURCE FILE Test HAVE_MPROTECT succeeded with the following output:
Change Dir: /home/munna/dune/dune-integrate/build-cmake/CMakeFiles/CMakeTmp

Run Build Command(s):/usr/bin/make cmTC_0aeae/fast && /usr/bin/make  -f CMakeFiles/cmTC_0aeae.dir/build.make CMakeFiles/cmTC_0aeae.dir/build
make[1]: Entering directory '/home/munna/dune/dune-integrate/build-cmake/CMakeFiles/CMakeTmp'
Building C object CMakeFiles/cmTC_0aeae.dir/src.c.o
/usr/bin/cc   -DHAVE_MPROTECT -fPIE -o CMakeFiles/cmTC_0aeae.dir/src.c.o -c /home/munna/dune/dune-integrate/build-cmake/CMakeFiles/CMakeTmp/src.c
Linking C executable cmTC_0aeae
/home/munna/.local/lib/python3.8/site-packages/cmake/data/bin/cmake -E cmake_link_script CMakeFiles/cmTC_0aeae.dir/link.txt --verbose=1
/usr/bin/cc  -DHAVE_MPROTECT CMakeFiles/cmTC_0aeae.dir/src.c.o -o cmTC_0aeae 
make[1]: Leaving directory '/home/munna/dune/dune-integrate/build-cmake/CMakeFiles/CMakeTmp'


Source file was:

#include <sys/mman.h>
int main(void){
  mprotect(0,0,PROT_NONE);
}
Determining if the include file rpc/rpc.h exists passed with the following output:
Change Dir: /home/munna/dune/dune-integrate/build-cmake/CMakeFiles/CMakeTmp

Run Build Command(s):/usr/bin/make cmTC_30194/fast && /usr/bin/make  -f CMakeFiles/cmTC_30194.dir/build.make CMakeFiles/cmTC_30194.dir/build
make[1]: Entering directory '/home/munna/dune/dune-integrate/build-cmake/CMakeFiles/CMakeTmp'
Building C object CMakeFiles/cmTC_30194.dir/CheckIncludeFile.c.o
/usr/bin/cc   -fPIE -o CMakeFiles/cmTC_30194.dir/CheckIncludeFile.c.o -c /home/munna/dune/dune-integrate/build-cmake/CMakeFiles/CMakeTmp/CheckIncludeFile.c
Linking C executable cmTC_30194
/home/munna/.local/lib/python3.8/site-packages/cmake/data/bin/cmake -E cmake_link_script CMakeFiles/cmTC_30194.dir/link.txt --verbose=1
/usr/bin/cc CMakeFiles/cmTC_30194.dir/CheckIncludeFile.c.o -o cmTC_30194 
make[1]: Leaving directory '/home/munna/dune/dune-integrate/build-cmake/CMakeFiles/CMakeTmp'



Determining location of SuperLU succeeded:
Include directory: /usr/include/superlu
Library directory: /usr/lib/x86_64-linux-gnu/libsuperlu.so

Determining if the function mkstemp exists passed with the following output:
Change Dir: /home/munna/dune/dune-integrate/build-cmake/CMakeFiles/CMakeTmp

Run Build Command(s):/usr/bin/make cmTC_855ac/fast && /usr/bin/make  -f CMakeFiles/cmTC_855ac.dir/build.make CMakeFiles/cmTC_855ac.dir/build
make[1]: Entering directory '/home/munna/dune/dune-integrate/build-cmake/CMakeFiles/CMakeTmp'
Building C object CMakeFiles/cmTC_855ac.dir/CheckFunctionExists.c.o
/usr/bin/cc   -DCHECK_FUNCTION_EXISTS=mkstemp -fPIE -o CMakeFiles/cmTC_855ac.dir/CheckFunctionExists.c.o -c /home/munna/.local/lib/python3.8/site-packages/cmake/data/share/cmake-3.18/Modules/CheckFunctionExists.c
Linking C executable cmTC_855ac
/home/munna/.local/lib/python3.8/site-packages/cmake/data/bin/cmake -E cmake_link_script CMakeFiles/cmTC_855ac.dir/link.txt --verbose=1
/usr/bin/cc  -DCHECK_FUNCTION_EXISTS=mkstemp CMakeFiles/cmTC_855ac.dir/CheckFunctionExists.c.o -o cmTC_855ac 
make[1]: Leaving directory '/home/munna/dune/dune-integrate/build-cmake/CMakeFiles/CMakeTmp'



Determining if files alberta/alberta.h exist passed with the following output:
Change Dir: /home/munna/dune/dune-integrate/build-cmake/CMakeFiles/CMakeTmp

Run Build Command(s):/usr/bin/make cmTC_55c25/fast && /usr/bin/make  -f CMakeFiles/cmTC_55c25.dir/build.make CMakeFiles/cmTC_55c25.dir/build
make[1]: Entering directory '/home/munna/dune/dune-integrate/build-cmake/CMakeFiles/CMakeTmp'
Building C object CMakeFiles/cmTC_55c25.dir/ALBERTA_FOUND.c.o
/usr/bin/cc -DDEL_INDEX=0 -DDIM_OF_WORLD=3 -I/usr/include/alberta -fPIE -o CMakeFiles/cmTC_55c25.dir/ALBERTA_FOUND.c.o -c /home/munna/dune/dune-integrate/build-cmake/CMakeFiles/CheckIncludeFiles/ALBERTA_FOUND.c
Linking C executable cmTC_55c25
/home/munna/.local/lib/python3.8/site-packages/cmake/data/bin/cmake -E cmake_link_script CMakeFiles/cmTC_55c25.dir/link.txt --verbose=1
/usr/bin/cc CMakeFiles/cmTC_55c25.dir/ALBERTA_FOUND.c.o -o cmTC_55c25 
make[1]: Leaving directory '/home/munna/dune/dune-integrate/build-cmake/CMakeFiles/CMakeTmp'



Performing C SOURCE FILE Test ALBERTA_IS_VERSION_3 succeeded with the following output:
Change Dir: /home/munna/dune/dune-integrate/build-cmake/CMakeFiles/CMakeTmp

Run Build Command(s):/usr/bin/make cmTC_eff68/fast && /usr/bin/make  -f CMakeFiles/cmTC_eff68.dir/build.make CMakeFiles/cmTC_eff68.dir/build
make[1]: Entering directory '/home/munna/dune/dune-integrate/build-cmake/CMakeFiles/CMakeTmp'
Building C object CMakeFiles/cmTC_eff68.dir/src.c.o
/usr/bin/cc -DDEL_INDEX=0 -DDIM_OF_WORLD=3 -I/usr/include/alberta -DALBERTA_IS_VERSION_3 -fPIE -o CMakeFiles/cmTC_eff68.dir/src.c.o -c /home/munna/dune/dune-integrate/build-cmake/CMakeFiles/CMakeTmp/src.c
Linking C executable cmTC_eff68
/home/munna/.local/lib/python3.8/site-packages/cmake/data/bin/cmake -E cmake_link_script CMakeFiles/cmTC_eff68.dir/link.txt --verbose=1
/usr/bin/cc  -DALBERTA_IS_VERSION_3 CMakeFiles/cmTC_eff68.dir/src.c.o -o cmTC_eff68 
make[1]: Leaving directory '/home/munna/dune/dune-integrate/build-cmake/CMakeFiles/CMakeTmp'


Source file was:

#include <alberta/alberta.h>

int main()
{
  (void)sizeof(((struct el_info *)0)->wall_bound);
  return 0;
}

Determining if the function alberta_calloc exists in the /usr/lib/x86_64-linux-gnu/libalberta_utilities.so passed with the following output:
Change Dir: /home/munna/dune/dune-integrate/build-cmake/CMakeFiles/CMakeTmp

Run Build Command(s):/usr/bin/make cmTC_92ba0/fast && /usr/bin/make  -f CMakeFiles/cmTC_92ba0.dir/build.make CMakeFiles/cmTC_92ba0.dir/build
make[1]: Entering directory '/home/munna/dune/dune-integrate/build-cmake/CMakeFiles/CMakeTmp'
Building C object CMakeFiles/cmTC_92ba0.dir/CheckFunctionExists.c.o
/usr/bin/cc -DDEL_INDEX=0 -DDIM_OF_WORLD=3  -DCHECK_FUNCTION_EXISTS=alberta_calloc -fPIE -o CMakeFiles/cmTC_92ba0.dir/CheckFunctionExists.c.o -c /home/munna/.local/lib/python3.8/site-packages/cmake/data/share/cmake-3.18/Modules/CheckFunctionExists.c
Linking C executable cmTC_92ba0
/home/munna/.local/lib/python3.8/site-packages/cmake/data/bin/cmake -E cmake_link_script CMakeFiles/cmTC_92ba0.dir/link.txt --verbose=1
/usr/bin/cc  -DCHECK_FUNCTION_EXISTS=alberta_calloc CMakeFiles/cmTC_92ba0.dir/CheckFunctionExists.c.o -o cmTC_92ba0  /usr/lib/x86_64-linux-gnu/libalberta_utilities.so /usr/lib/x86_64-linux-gnu/libalberta_utilities.so 
make[1]: Leaving directory '/home/munna/dune/dune-integrate/build-cmake/CMakeFiles/CMakeTmp'



Determining if the function mesh_traverse exists in the /usr/lib/x86_64-linux-gnu/libalberta_1d.so passed with the following output:
Change Dir: /home/munna/dune/dune-integrate/build-cmake/CMakeFiles/CMakeTmp

Run Build Command(s):/usr/bin/make cmTC_2307e/fast && /usr/bin/make  -f CMakeFiles/cmTC_2307e.dir/build.make CMakeFiles/cmTC_2307e.dir/build
make[1]: Entering directory '/home/munna/dune/dune-integrate/build-cmake/CMakeFiles/CMakeTmp'
Building C object CMakeFiles/cmTC_2307e.dir/CheckFunctionExists.c.o
/usr/bin/cc -DDEL_INDEX=0 -DDIM_OF_WORLD=3  -DCHECK_FUNCTION_EXISTS=mesh_traverse -fPIE -o CMakeFiles/cmTC_2307e.dir/CheckFunctionExists.c.o -c /home/munna/.local/lib/python3.8/site-packages/cmake/data/share/cmake-3.18/Modules/CheckFunctionExists.c
Linking C executable cmTC_2307e
/home/munna/.local/lib/python3.8/site-packages/cmake/data/bin/cmake -E cmake_link_script CMakeFiles/cmTC_2307e.dir/link.txt --verbose=1
/usr/bin/cc  -DCHECK_FUNCTION_EXISTS=mesh_traverse CMakeFiles/cmTC_2307e.dir/CheckFunctionExists.c.o -o cmTC_2307e  /usr/lib/x86_64-linux-gnu/libalberta_1d.so /usr/lib/x86_64-linux-gnu/libalberta_utilities.so -lm -lltdl 
make[1]: Leaving directory '/home/munna/dune/dune-integrate/build-cmake/CMakeFiles/CMakeTmp'



Determining if the function mesh_traverse exists in the /usr/lib/x86_64-linux-gnu/libalberta_2d.so passed with the following output:
Change Dir: /home/munna/dune/dune-integrate/build-cmake/CMakeFiles/CMakeTmp

Run Build Command(s):/usr/bin/make cmTC_9e748/fast && /usr/bin/make  -f CMakeFiles/cmTC_9e748.dir/build.make CMakeFiles/cmTC_9e748.dir/build
make[1]: Entering directory '/home/munna/dune/dune-integrate/build-cmake/CMakeFiles/CMakeTmp'
Building C object CMakeFiles/cmTC_9e748.dir/CheckFunctionExists.c.o
/usr/bin/cc -DDEL_INDEX=0 -DDIM_OF_WORLD=3  -DCHECK_FUNCTION_EXISTS=mesh_traverse -fPIE -o CMakeFiles/cmTC_9e748.dir/CheckFunctionExists.c.o -c /home/munna/.local/lib/python3.8/site-packages/cmake/data/share/cmake-3.18/Modules/CheckFunctionExists.c
Linking C executable cmTC_9e748
/home/munna/.local/lib/python3.8/site-packages/cmake/data/bin/cmake -E cmake_link_script CMakeFiles/cmTC_9e748.dir/link.txt --verbose=1
/usr/bin/cc  -DCHECK_FUNCTION_EXISTS=mesh_traverse CMakeFiles/cmTC_9e748.dir/CheckFunctionExists.c.o -o cmTC_9e748  /usr/lib/x86_64-linux-gnu/libalberta_2d.so /usr/lib/x86_64-linux-gnu/libalberta_utilities.so -lm -lltdl 
make[1]: Leaving directory '/home/munna/dune/dune-integrate/build-cmake/CMakeFiles/CMakeTmp'



Determining if the function mesh_traverse exists in the /usr/lib/x86_64-linux-gnu/libalberta_3d.so passed with the following output:
Change Dir: /home/munna/dune/dune-integrate/build-cmake/CMakeFiles/CMakeTmp

Run Build Command(s):/usr/bin/make cmTC_b4ebd/fast && /usr/bin/make  -f CMakeFiles/cmTC_b4ebd.dir/build.make CMakeFiles/cmTC_b4ebd.dir/build
make[1]: Entering directory '/home/munna/dune/dune-integrate/build-cmake/CMakeFiles/CMakeTmp'
Building C object CMakeFiles/cmTC_b4ebd.dir/CheckFunctionExists.c.o
/usr/bin/cc -DDEL_INDEX=0 -DDIM_OF_WORLD=3  -DCHECK_FUNCTION_EXISTS=mesh_traverse -fPIE -o CMakeFiles/cmTC_b4ebd.dir/CheckFunctionExists.c.o -c /home/munna/.local/lib/python3.8/site-packages/cmake/data/share/cmake-3.18/Modules/CheckFunctionExists.c
Linking C executable cmTC_b4ebd
/home/munna/.local/lib/python3.8/site-packages/cmake/data/bin/cmake -E cmake_link_script CMakeFiles/cmTC_b4ebd.dir/link.txt --verbose=1
/usr/bin/cc  -DCHECK_FUNCTION_EXISTS=mesh_traverse CMakeFiles/cmTC_b4ebd.dir/CheckFunctionExists.c.o -o cmTC_b4ebd  /usr/lib/x86_64-linux-gnu/libalberta_3d.so /usr/lib/x86_64-linux-gnu/libalberta_utilities.so -lm -lltdl 
make[1]: Leaving directory '/home/munna/dune/dune-integrate/build-cmake/CMakeFiles/CMakeTmp'



Determining location of SuperLU succeeded:
Include directory: /usr/include/superlu
Library directory: /usr/lib/x86_64-linux-gnu/libsuperlu.so

Determining location of SuperLU succeeded:
Include directory: /usr/include/superlu
Library directory: /usr/lib/x86_64-linux-gnu/libsuperlu.so

Determining location of SuperLU succeeded:
Include directory: /usr/include/superlu
Library directory: /usr/lib/x86_64-linux-gnu/libsuperlu.so

Determining location of SuperLU succeeded:
Include directory: /usr/include/superlu
Library directory: /usr/lib/x86_64-linux-gnu/libsuperlu.so

Determining location of SuperLU succeeded:
Include directory: /usr/include/superlu
Library directory: /usr/lib/x86_64-linux-gnu/libsuperlu.so

Determining location of SuperLU succeeded:
Include directory: /usr/include/superlu
Library directory: /usr/lib/x86_64-linux-gnu/libsuperlu.so

Determining location of SuperLU succeeded:
Include directory: /usr/include/superlu
Library directory: /usr/lib/x86_64-linux-gnu/libsuperlu.so

Determining location of SuperLU succeeded:
Include directory: /usr/include/superlu
Library directory: /usr/lib/x86_64-linux-gnu/libsuperlu.so

Determining location of SuperLU succeeded:
Include directory: /usr/include/superlu
Library directory: /usr/lib/x86_64-linux-gnu/libsuperlu.so

Determining location of SuperLU succeeded:
Include directory: /usr/include/superlu
Library directory: /usr/lib/x86_64-linux-gnu/libsuperlu.so

Determining location of SuperLU succeeded:
Include directory: /usr/include/superlu
Library directory: /usr/lib/x86_64-linux-gnu/libsuperlu.so

Determining location of SuperLU succeeded:
Include directory: /usr/include/superlu
Library directory: /usr/lib/x86_64-linux-gnu/libsuperlu.so

Determining location of SuperLU succeeded:
Include directory: /usr/include/superlu
Library directory: /usr/lib/x86_64-linux-gnu/libsuperlu.so

Determining location of SuperLU succeeded:
Include directory: /usr/include/superlu
Library directory: /usr/lib/x86_64-linux-gnu/libsuperlu.so

Determining location of SuperLU succeeded:
Include directory: /usr/include/superlu
Library directory: /usr/lib/x86_64-linux-gnu/libsuperlu.so

Determining location of SuperLU succeeded:
Include directory: /usr/include/superlu
Library directory: /usr/lib/x86_64-linux-gnu/libsuperlu.so

Determining location of SuperLU succeeded:
Include directory: /usr/include/superlu
Library directory: /usr/lib/x86_64-linux-gnu/libsuperlu.so

Determining location of SuperLU succeeded:
Include directory: /usr/include/superlu
Library directory: /usr/lib/x86_64-linux-gnu/libsuperlu.so

Determining location of SuperLU succeeded:
Include directory: /usr/include/superlu
Library directory: /usr/lib/x86_64-linux-gnu/libsuperlu.so

